CRITICAL - 2025-03-04 12:34:23 --> Error: Call to undefined function ImageCreate()
[Method: GET, Route: admin/incele]
in APPPATH\Libraries\phpqrcode\qrimage.php on line 74.
 1 APPPATH\Libraries\phpqrcode\qrimage.php(32): QRimage::image([...], 10, 4, 16777215, 0)
 2 APPPATH\Libraries\phpqrcode\qrencode.php(513): QRimage::png([...], null, 10, 4, false, 16777215, 0)
 3 APPPATH\Libraries\phpqrcode\qrencode.php(286): QRencode->encodePNG('https://www.sarkod.com.tr/?siparis_id=39', null, false)
 4 APPPATH\Controllers\SiparisInceleController.php(42): QRcode::png('https://www.sarkod.com.tr/?siparis_id=39', null, 0, 10)
 5 SYSTEMPATH\CodeIgniter.php(933): App\Controllers\SiparisInceleController->index()
 6 SYSTEMPATH\CodeIgniter.php(509): CodeIgniter\CodeIgniter->runController(Object(App\Controllers\SiparisInceleController))
 7 SYSTEMPATH\CodeIgniter.php(355): CodeIgniter\CodeIgniter->handleRequest(null, Object(Config\Cache), false)
 8 SYSTEMPATH\Boot.php(325): CodeIgniter\CodeIgniter->run()
 9 SYSTEMPATH\Boot.php(67): CodeIgniter\Boot::runCodeIgniter(Object(CodeIgniter\CodeIgniter))
10 FCPATH\index.php(56): CodeIgniter\Boot::bootWeb(Object(Config\Paths))
CRITICAL - 2025-03-04 12:34:31 --> Error: Call to undefined function ImageCreate()
[Method: GET, Route: admin/incele]
in APPPATH\Libraries\phpqrcode\qrimage.php on line 74.
 1 APPPATH\Libraries\phpqrcode\qrimage.php(32): QRimage::image([...], 10, 4, 16777215, 0)
 2 APPPATH\Libraries\phpqrcode\qrencode.php(513): QRimage::png([...], null, 10, 4, false, 16777215, 0)
 3 APPPATH\Libraries\phpqrcode\qrencode.php(286): QRencode->encodePNG('https://www.sarkod.com.tr/?siparis_id=124', null, false)
 4 APPPATH\Controllers\SiparisInceleController.php(42): QRcode::png('https://www.sarkod.com.tr/?siparis_id=124', null, 0, 10)
 5 SYSTEMPATH\CodeIgniter.php(933): App\Controllers\SiparisInceleController->index()
 6 SYSTEMPATH\CodeIgniter.php(509): CodeIgniter\CodeIgniter->runController(Object(App\Controllers\SiparisInceleController))
 7 SYSTEMPATH\CodeIgniter.php(355): CodeIgniter\CodeIgniter->handleRequest(null, Object(Config\Cache), false)
 8 SYSTEMPATH\Boot.php(325): CodeIgniter\CodeIgniter->run()
 9 SYSTEMPATH\Boot.php(67): CodeIgniter\Boot::runCodeIgniter(Object(CodeIgniter\CodeIgniter))
10 FCPATH\index.php(56): CodeIgniter\Boot::bootWeb(Object(Config\Paths))
CRITICAL - 2025-03-04 12:35:07 --> Error: Call to undefined function ImageCreate()
[Method: GET, Route: admin/incele]
in APPPATH\Libraries\phpqrcode\qrimage.php on line 74.
 1 APPPATH\Libraries\phpqrcode\qrimage.php(32): QRimage::image([...], 10, 4, 16777215, 0)
 2 APPPATH\Libraries\phpqrcode\qrencode.php(513): QRimage::png([...], null, 10, 4, false, 16777215, 0)
 3 APPPATH\Libraries\phpqrcode\qrencode.php(286): QRencode->encodePNG('https://www.sarkod.com.tr/?siparis_id=39', null, false)
 4 APPPATH\Controllers\SiparisInceleController.php(42): QRcode::png('https://www.sarkod.com.tr/?siparis_id=39', null, 0, 10)
 5 SYSTEMPATH\CodeIgniter.php(933): App\Controllers\SiparisInceleController->index()
 6 SYSTEMPATH\CodeIgniter.php(509): CodeIgniter\CodeIgniter->runController(Object(App\Controllers\SiparisInceleController))
 7 SYSTEMPATH\CodeIgniter.php(355): CodeIgniter\CodeIgniter->handleRequest(null, Object(Config\Cache), false)
 8 SYSTEMPATH\Boot.php(325): CodeIgniter\CodeIgniter->run()
 9 SYSTEMPATH\Boot.php(67): CodeIgniter\Boot::runCodeIgniter(Object(CodeIgniter\CodeIgniter))
10 FCPATH\index.php(56): CodeIgniter\Boot::bootWeb(Object(Config\Paths))
CRITICAL - 2025-03-04 14:38:04 --> CodeIgniter\HTTP\Exceptions\BadRequestException: The URI you submitted has disallowed characters: "$id"
[Method: GET, Route: admin/edit/$id]
in SYSTEMPATH\Router\Router.php on line 737.
 1 SYSTEMPATH\Router\Router.php(204): CodeIgniter\Router\Router->checkDisallowedChars('admin/edit/$id')
 2 SYSTEMPATH\CodeIgniter.php(834): CodeIgniter\Router\Router->handle('admin/edit/$id')
 3 SYSTEMPATH\CodeIgniter.php(457): CodeIgniter\CodeIgniter->tryToRouteIt(Object(CodeIgniter\Router\RouteCollection))
 4 SYSTEMPATH\CodeIgniter.php(355): CodeIgniter\CodeIgniter->handleRequest(null, Object(Config\Cache), false)
 5 SYSTEMPATH\Boot.php(325): CodeIgniter\CodeIgniter->run()
 6 SYSTEMPATH\Boot.php(67): CodeIgniter\Boot::runCodeIgniter(Object(CodeIgniter\CodeIgniter))
 7 FCPATH\index.php(56): CodeIgniter\Boot::bootWeb(Object(Config\Paths))
CRITICAL - 2025-03-04 15:16:55 --> ErrorException: Undefined variable $siparis
[Method: GET, Route: admin/edit/15]
in APPPATH\Views\editProduct.php on line 84.
 1 APPPATH\Views\editProduct.php(84): CodeIgniter\Debug\Exceptions->errorHandler(2, 'Undefined variable $siparis', 'C:\\xampp\\htdocs\\sarkod\\app\\Views\\editProduct.php', 84)
 2 SYSTEMPATH\View\View.php(234): include('C:\\xampp\\htdocs\\sarkod\\app\\Views\\editProduct.php')
 3 SYSTEMPATH\View\View.php(237): CodeIgniter\View\View->CodeIgniter\View\{closure}()
 4 SYSTEMPATH\Common.php(1171): CodeIgniter\View\View->render('editProduct', [], true)
 5 APPPATH\Controllers\ProductEditController.php(18): view('editProduct', [...])
 6 SYSTEMPATH\CodeIgniter.php(933): App\Controllers\ProductEditController->edit('15')
 7 SYSTEMPATH\CodeIgniter.php(509): CodeIgniter\CodeIgniter->runController(Object(App\Controllers\ProductEditController))
 8 SYSTEMPATH\CodeIgniter.php(355): CodeIgniter\CodeIgniter->handleRequest(null, Object(Config\Cache), false)
 9 SYSTEMPATH\Boot.php(325): CodeIgniter\CodeIgniter->run()
10 SYSTEMPATH\Boot.php(67): CodeIgniter\Boot::runCodeIgniter(Object(CodeIgniter\CodeIgniter))
11 FCPATH\index.php(56): CodeIgniter\Boot::bootWeb(Object(Config\Paths))
CRITICAL - 2025-03-04 15:17:15 --> ErrorException: Undefined variable $siparis
[Method: GET, Route: admin/edit/15]
in APPPATH\Views\editProduct.php on line 84.
 1 APPPATH\Views\editProduct.php(84): CodeIgniter\Debug\Exceptions->errorHandler(2, 'Undefined variable $siparis', 'C:\\xampp\\htdocs\\sarkod\\app\\Views\\editProduct.php', 84)
 2 SYSTEMPATH\View\View.php(234): include('C:\\xampp\\htdocs\\sarkod\\app\\Views\\editProduct.php')
 3 SYSTEMPATH\View\View.php(237): CodeIgniter\View\View->CodeIgniter\View\{closure}()
 4 SYSTEMPATH\Common.php(1171): CodeIgniter\View\View->render('editProduct', [], true)
 5 APPPATH\Controllers\ProductEditController.php(18): view('editProduct', [...])
 6 SYSTEMPATH\CodeIgniter.php(933): App\Controllers\ProductEditController->edit('15')
 7 SYSTEMPATH\CodeIgniter.php(509): CodeIgniter\CodeIgniter->runController(Object(App\Controllers\ProductEditController))
 8 SYSTEMPATH\CodeIgniter.php(355): CodeIgniter\CodeIgniter->handleRequest(null, Object(Config\Cache), false)
 9 SYSTEMPATH\Boot.php(325): CodeIgniter\CodeIgniter->run()
10 SYSTEMPATH\Boot.php(67): CodeIgniter\Boot::runCodeIgniter(Object(CodeIgniter\CodeIgniter))
11 FCPATH\index.php(56): CodeIgniter\Boot::bootWeb(Object(Config\Paths))
