INFO - 2025-01-17 11:20:44 --> Session: Class initialized using 'CodeIgniter\Session\Handlers\FileHandler' driver.
INFO - 2025-01-17 11:20:49 --> Session: Class initialized using 'CodeIgniter\Session\Handlers\FileHandler' driver.
INFO - 2025-01-17 11:20:49 --> Session: Class initialized using 'CodeIgniter\Session\Handlers\FileHandler' driver.
INFO - 2025-01-17 11:20:50 --> Session: Class initialized using 'CodeIgniter\Session\Handlers\FileHandler' driver.
INFO - 2025-01-17 11:20:52 --> Session: Class initialized using 'CodeIgniter\Session\Handlers\FileHandler' driver.
INFO - 2025-01-17 11:29:52 --> Session: Class initialized using 'CodeIgniter\Session\Handlers\FileHandler' driver.
INFO - 2025-01-17 11:29:54 --> Session: Class initialized using 'CodeIgniter\Session\Handlers\FileHandler' driver.
CRITICAL - 2025-01-17 11:31:12 --> Error: Class "App\Libraries\Ciqrcode" not found
[Method: GET, Route: qr]
in APPPATH\Controllers\QRCodeController.php on line 12.
 1 SYSTEMPATH\CodeIgniter.php(933): App\Controllers\QRCodeController->generateQRCode()
 2 SYSTEMPATH\CodeIgniter.php(509): CodeIgniter\CodeIgniter->runController(Object(App\Controllers\QRCodeController))
 3 SYSTEMPATH\CodeIgniter.php(355): CodeIgniter\CodeIgniter->handleRequest(null, Object(Config\Cache), false)
 4 SYSTEMPATH\Boot.php(325): CodeIgniter\CodeIgniter->run()
 5 SYSTEMPATH\Boot.php(67): CodeIgniter\Boot::runCodeIgniter(Object(CodeIgniter\CodeIgniter))
 6 FCPATH\index.php(56): CodeIgniter\Boot::bootWeb(Object(Config\Paths))
INFO - 2025-01-17 11:46:27 --> Session: Class initialized using 'CodeIgniter\Session\Handlers\FileHandler' driver.
INFO - 2025-01-17 11:46:31 --> Session: Class initialized using 'CodeIgniter\Session\Handlers\FileHandler' driver.
INFO - 2025-01-17 11:46:31 --> Session: Class initialized using 'CodeIgniter\Session\Handlers\FileHandler' driver.
INFO - 2025-01-17 11:46:35 --> Session: Class initialized using 'CodeIgniter\Session\Handlers\FileHandler' driver.
INFO - 2025-01-17 11:46:35 --> Session: Class initialized using 'CodeIgniter\Session\Handlers\FileHandler' driver.
CRITICAL - 2025-01-17 11:46:39 --> Error: Call to undefined method Endroid\QrCode\QrCode::setSize()
[Method: GET, Route: generate-qr]
in APPPATH\Controllers\QRCodeController.php on line 18.
 1 SYSTEMPATH\CodeIgniter.php(933): App\Controllers\QRCodeController->generate()
 2 SYSTEMPATH\CodeIgniter.php(509): CodeIgniter\CodeIgniter->runController(Object(App\Controllers\QRCodeController))
 3 SYSTEMPATH\CodeIgniter.php(355): CodeIgniter\CodeIgniter->handleRequest(null, Object(Config\Cache), false)
 4 SYSTEMPATH\Boot.php(325): CodeIgniter\CodeIgniter->run()
 5 SYSTEMPATH\Boot.php(67): CodeIgniter\Boot::runCodeIgniter(Object(CodeIgniter\CodeIgniter))
 6 FCPATH\index.php(56): CodeIgniter\Boot::bootWeb(Object(Config\Paths))
INFO - 2025-01-17 11:47:14 --> Session: Class initialized using 'CodeIgniter\Session\Handlers\FileHandler' driver.
CRITICAL - 2025-01-17 11:47:33 --> Error: Call to undefined method Endroid\QrCode\QrCode::setWidth()
[Method: GET, Route: generate-qr]
in APPPATH\Controllers\QRCodeController.php on line 18.
 1 SYSTEMPATH\CodeIgniter.php(933): App\Controllers\QRCodeController->generate()
 2 SYSTEMPATH\CodeIgniter.php(509): CodeIgniter\CodeIgniter->runController(Object(App\Controllers\QRCodeController))
 3 SYSTEMPATH\CodeIgniter.php(355): CodeIgniter\CodeIgniter->handleRequest(null, Object(Config\Cache), false)
 4 SYSTEMPATH\Boot.php(325): CodeIgniter\CodeIgniter->run()
 5 SYSTEMPATH\Boot.php(67): CodeIgniter\Boot::runCodeIgniter(Object(CodeIgniter\CodeIgniter))
 6 FCPATH\index.php(56): CodeIgniter\Boot::bootWeb(Object(Config\Paths))
CRITICAL - 2025-01-17 11:48:33 --> Exception: Unable to generate image: please check if the GD extension is enabled and configured correctly
[Method: GET, Route: generate-qr]
in FCPATH\vendor\endroid\qr-code\src\Writer\AbstractGdWriter.php on line 33.
 1 FCPATH\vendor\endroid\qr-code\src\Writer\PngWriter.php(25): Endroid\QrCode\Writer\AbstractGdWriter->write(Object(Endroid\QrCode\QrCode), null, null, [...])
 2 APPPATH\Controllers\QRCodeController.php(22): Endroid\QrCode\Writer\PngWriter->write(Object(Endroid\QrCode\QrCode))
 3 SYSTEMPATH\CodeIgniter.php(933): App\Controllers\QRCodeController->generate()
 4 SYSTEMPATH\CodeIgniter.php(509): CodeIgniter\CodeIgniter->runController(Object(App\Controllers\QRCodeController))
 5 SYSTEMPATH\CodeIgniter.php(355): CodeIgniter\CodeIgniter->handleRequest(null, Object(Config\Cache), false)
 6 SYSTEMPATH\Boot.php(325): CodeIgniter\CodeIgniter->run()
 7 SYSTEMPATH\Boot.php(67): CodeIgniter\Boot::runCodeIgniter(Object(CodeIgniter\CodeIgniter))
 8 FCPATH\index.php(56): CodeIgniter\Boot::bootWeb(Object(Config\Paths))
CRITICAL - 2025-01-17 11:49:05 --> Error: Call to undefined method Endroid\QrCode\QrCode::setEncoding()
[Method: GET, Route: generate-qr]
in APPPATH\Controllers\QRCodeController.php on line 18.
 1 SYSTEMPATH\CodeIgniter.php(933): App\Controllers\QRCodeController->generate()
 2 SYSTEMPATH\CodeIgniter.php(509): CodeIgniter\CodeIgniter->runController(Object(App\Controllers\QRCodeController))
 3 SYSTEMPATH\CodeIgniter.php(355): CodeIgniter\CodeIgniter->handleRequest(null, Object(Config\Cache), false)
 4 SYSTEMPATH\Boot.php(325): CodeIgniter\CodeIgniter->run()
 5 SYSTEMPATH\Boot.php(67): CodeIgniter\Boot::runCodeIgniter(Object(CodeIgniter\CodeIgniter))
 6 FCPATH\index.php(56): CodeIgniter\Boot::bootWeb(Object(Config\Paths))
CRITICAL - 2025-01-17 11:49:06 --> Error: Call to undefined method Endroid\QrCode\QrCode::setEncoding()
[Method: GET, Route: generate-qr]
in APPPATH\Controllers\QRCodeController.php on line 18.
 1 SYSTEMPATH\CodeIgniter.php(933): App\Controllers\QRCodeController->generate()
 2 SYSTEMPATH\CodeIgniter.php(509): CodeIgniter\CodeIgniter->runController(Object(App\Controllers\QRCodeController))
 3 SYSTEMPATH\CodeIgniter.php(355): CodeIgniter\CodeIgniter->handleRequest(null, Object(Config\Cache), false)
 4 SYSTEMPATH\Boot.php(325): CodeIgniter\CodeIgniter->run()
 5 SYSTEMPATH\Boot.php(67): CodeIgniter\Boot::runCodeIgniter(Object(CodeIgniter\CodeIgniter))
 6 FCPATH\index.php(56): CodeIgniter\Boot::bootWeb(Object(Config\Paths))
CRITICAL - 2025-01-17 11:49:06 --> Error: Call to undefined method Endroid\QrCode\QrCode::setEncoding()
[Method: GET, Route: generate-qr]
in APPPATH\Controllers\QRCodeController.php on line 18.
 1 SYSTEMPATH\CodeIgniter.php(933): App\Controllers\QRCodeController->generate()
 2 SYSTEMPATH\CodeIgniter.php(509): CodeIgniter\CodeIgniter->runController(Object(App\Controllers\QRCodeController))
 3 SYSTEMPATH\CodeIgniter.php(355): CodeIgniter\CodeIgniter->handleRequest(null, Object(Config\Cache), false)
 4 SYSTEMPATH\Boot.php(325): CodeIgniter\CodeIgniter->run()
 5 SYSTEMPATH\Boot.php(67): CodeIgniter\Boot::runCodeIgniter(Object(CodeIgniter\CodeIgniter))
 6 FCPATH\index.php(56): CodeIgniter\Boot::bootWeb(Object(Config\Paths))
CRITICAL - 2025-01-17 11:49:07 --> Error: Call to undefined method Endroid\QrCode\QrCode::setEncoding()
[Method: GET, Route: generate-qr]
in APPPATH\Controllers\QRCodeController.php on line 18.
 1 SYSTEMPATH\CodeIgniter.php(933): App\Controllers\QRCodeController->generate()
 2 SYSTEMPATH\CodeIgniter.php(509): CodeIgniter\CodeIgniter->runController(Object(App\Controllers\QRCodeController))
 3 SYSTEMPATH\CodeIgniter.php(355): CodeIgniter\CodeIgniter->handleRequest(null, Object(Config\Cache), false)
 4 SYSTEMPATH\Boot.php(325): CodeIgniter\CodeIgniter->run()
 5 SYSTEMPATH\Boot.php(67): CodeIgniter\Boot::runCodeIgniter(Object(CodeIgniter\CodeIgniter))
 6 FCPATH\index.php(56): CodeIgniter\Boot::bootWeb(Object(Config\Paths))
CRITICAL - 2025-01-17 11:56:46 --> Exception: Unable to generate image: please check if the GD extension is enabled and configured correctly
[Method: GET, Route: generate-qr]
in FCPATH\vendor\endroid\qr-code\src\Writer\AbstractGdWriter.php on line 33.
 1 FCPATH\vendor\endroid\qr-code\src\Writer\PngWriter.php(25): Endroid\QrCode\Writer\AbstractGdWriter->write(Object(Endroid\QrCode\QrCode), null, null, [...])
 2 APPPATH\Controllers\QRCodeController.php(22): Endroid\QrCode\Writer\PngWriter->write(Object(Endroid\QrCode\QrCode))
 3 SYSTEMPATH\CodeIgniter.php(933): App\Controllers\QRCodeController->generate()
 4 SYSTEMPATH\CodeIgniter.php(509): CodeIgniter\CodeIgniter->runController(Object(App\Controllers\QRCodeController))
 5 SYSTEMPATH\CodeIgniter.php(355): CodeIgniter\CodeIgniter->handleRequest(null, Object(Config\Cache), false)
 6 SYSTEMPATH\Boot.php(325): CodeIgniter\CodeIgniter->run()
 7 SYSTEMPATH\Boot.php(67): CodeIgniter\Boot::runCodeIgniter(Object(CodeIgniter\CodeIgniter))
 8 FCPATH\index.php(56): CodeIgniter\Boot::bootWeb(Object(Config\Paths))
CRITICAL - 2025-01-17 11:58:19 --> Exception: Unable to generate image: please check if the GD extension is enabled and configured correctly
[Method: GET, Route: generate-qr]
in FCPATH\vendor\endroid\qr-code\src\Writer\AbstractGdWriter.php on line 33.
 1 FCPATH\vendor\endroid\qr-code\src\Writer\PngWriter.php(25): Endroid\QrCode\Writer\AbstractGdWriter->write(Object(Endroid\QrCode\QrCode), null, null, [...])
 2 APPPATH\Controllers\QRCodeController.php(22): Endroid\QrCode\Writer\PngWriter->write(Object(Endroid\QrCode\QrCode))
 3 SYSTEMPATH\CodeIgniter.php(933): App\Controllers\QRCodeController->generate()
 4 SYSTEMPATH\CodeIgniter.php(509): CodeIgniter\CodeIgniter->runController(Object(App\Controllers\QRCodeController))
 5 SYSTEMPATH\CodeIgniter.php(355): CodeIgniter\CodeIgniter->handleRequest(null, Object(Config\Cache), false)
 6 SYSTEMPATH\Boot.php(325): CodeIgniter\CodeIgniter->run()
 7 SYSTEMPATH\Boot.php(67): CodeIgniter\Boot::runCodeIgniter(Object(CodeIgniter\CodeIgniter))
 8 FCPATH\index.php(56): CodeIgniter\Boot::bootWeb(Object(Config\Paths))
CRITICAL - 2025-01-17 11:58:20 --> Exception: Unable to generate image: please check if the GD extension is enabled and configured correctly
[Method: GET, Route: generate-qr]
in FCPATH\vendor\endroid\qr-code\src\Writer\AbstractGdWriter.php on line 33.
 1 FCPATH\vendor\endroid\qr-code\src\Writer\PngWriter.php(25): Endroid\QrCode\Writer\AbstractGdWriter->write(Object(Endroid\QrCode\QrCode), null, null, [...])
 2 APPPATH\Controllers\QRCodeController.php(22): Endroid\QrCode\Writer\PngWriter->write(Object(Endroid\QrCode\QrCode))
 3 SYSTEMPATH\CodeIgniter.php(933): App\Controllers\QRCodeController->generate()
 4 SYSTEMPATH\CodeIgniter.php(509): CodeIgniter\CodeIgniter->runController(Object(App\Controllers\QRCodeController))
 5 SYSTEMPATH\CodeIgniter.php(355): CodeIgniter\CodeIgniter->handleRequest(null, Object(Config\Cache), false)
 6 SYSTEMPATH\Boot.php(325): CodeIgniter\CodeIgniter->run()
 7 SYSTEMPATH\Boot.php(67): CodeIgniter\Boot::runCodeIgniter(Object(CodeIgniter\CodeIgniter))
 8 FCPATH\index.php(56): CodeIgniter\Boot::bootWeb(Object(Config\Paths))
CRITICAL - 2025-01-17 11:58:21 --> Exception: Unable to generate image: please check if the GD extension is enabled and configured correctly
[Method: GET, Route: generate-qr]
in FCPATH\vendor\endroid\qr-code\src\Writer\AbstractGdWriter.php on line 33.
 1 FCPATH\vendor\endroid\qr-code\src\Writer\PngWriter.php(25): Endroid\QrCode\Writer\AbstractGdWriter->write(Object(Endroid\QrCode\QrCode), null, null, [...])
 2 APPPATH\Controllers\QRCodeController.php(22): Endroid\QrCode\Writer\PngWriter->write(Object(Endroid\QrCode\QrCode))
 3 SYSTEMPATH\CodeIgniter.php(933): App\Controllers\QRCodeController->generate()
 4 SYSTEMPATH\CodeIgniter.php(509): CodeIgniter\CodeIgniter->runController(Object(App\Controllers\QRCodeController))
 5 SYSTEMPATH\CodeIgniter.php(355): CodeIgniter\CodeIgniter->handleRequest(null, Object(Config\Cache), false)
 6 SYSTEMPATH\Boot.php(325): CodeIgniter\CodeIgniter->run()
 7 SYSTEMPATH\Boot.php(67): CodeIgniter\Boot::runCodeIgniter(Object(CodeIgniter\CodeIgniter))
 8 FCPATH\index.php(56): CodeIgniter\Boot::bootWeb(Object(Config\Paths))
CRITICAL - 2025-01-17 11:58:21 --> Exception: Unable to generate image: please check if the GD extension is enabled and configured correctly
[Method: GET, Route: generate-qr]
in FCPATH\vendor\endroid\qr-code\src\Writer\AbstractGdWriter.php on line 33.
 1 FCPATH\vendor\endroid\qr-code\src\Writer\PngWriter.php(25): Endroid\QrCode\Writer\AbstractGdWriter->write(Object(Endroid\QrCode\QrCode), null, null, [...])
 2 APPPATH\Controllers\QRCodeController.php(22): Endroid\QrCode\Writer\PngWriter->write(Object(Endroid\QrCode\QrCode))
 3 SYSTEMPATH\CodeIgniter.php(933): App\Controllers\QRCodeController->generate()
 4 SYSTEMPATH\CodeIgniter.php(509): CodeIgniter\CodeIgniter->runController(Object(App\Controllers\QRCodeController))
 5 SYSTEMPATH\CodeIgniter.php(355): CodeIgniter\CodeIgniter->handleRequest(null, Object(Config\Cache), false)
 6 SYSTEMPATH\Boot.php(325): CodeIgniter\CodeIgniter->run()
 7 SYSTEMPATH\Boot.php(67): CodeIgniter\Boot::runCodeIgniter(Object(CodeIgniter\CodeIgniter))
 8 FCPATH\index.php(56): CodeIgniter\Boot::bootWeb(Object(Config\Paths))
CRITICAL - 2025-01-17 11:58:21 --> Exception: Unable to generate image: please check if the GD extension is enabled and configured correctly
[Method: GET, Route: generate-qr]
in FCPATH\vendor\endroid\qr-code\src\Writer\AbstractGdWriter.php on line 33.
 1 FCPATH\vendor\endroid\qr-code\src\Writer\PngWriter.php(25): Endroid\QrCode\Writer\AbstractGdWriter->write(Object(Endroid\QrCode\QrCode), null, null, [...])
 2 APPPATH\Controllers\QRCodeController.php(22): Endroid\QrCode\Writer\PngWriter->write(Object(Endroid\QrCode\QrCode))
 3 SYSTEMPATH\CodeIgniter.php(933): App\Controllers\QRCodeController->generate()
 4 SYSTEMPATH\CodeIgniter.php(509): CodeIgniter\CodeIgniter->runController(Object(App\Controllers\QRCodeController))
 5 SYSTEMPATH\CodeIgniter.php(355): CodeIgniter\CodeIgniter->handleRequest(null, Object(Config\Cache), false)
 6 SYSTEMPATH\Boot.php(325): CodeIgniter\CodeIgniter->run()
 7 SYSTEMPATH\Boot.php(67): CodeIgniter\Boot::runCodeIgniter(Object(CodeIgniter\CodeIgniter))
 8 FCPATH\index.php(56): CodeIgniter\Boot::bootWeb(Object(Config\Paths))
CRITICAL - 2025-01-17 11:58:22 --> Exception: Unable to generate image: please check if the GD extension is enabled and configured correctly
[Method: GET, Route: generate-qr]
in FCPATH\vendor\endroid\qr-code\src\Writer\AbstractGdWriter.php on line 33.
 1 FCPATH\vendor\endroid\qr-code\src\Writer\PngWriter.php(25): Endroid\QrCode\Writer\AbstractGdWriter->write(Object(Endroid\QrCode\QrCode), null, null, [...])
 2 APPPATH\Controllers\QRCodeController.php(22): Endroid\QrCode\Writer\PngWriter->write(Object(Endroid\QrCode\QrCode))
 3 SYSTEMPATH\CodeIgniter.php(933): App\Controllers\QRCodeController->generate()
 4 SYSTEMPATH\CodeIgniter.php(509): CodeIgniter\CodeIgniter->runController(Object(App\Controllers\QRCodeController))
 5 SYSTEMPATH\CodeIgniter.php(355): CodeIgniter\CodeIgniter->handleRequest(null, Object(Config\Cache), false)
 6 SYSTEMPATH\Boot.php(325): CodeIgniter\CodeIgniter->run()
 7 SYSTEMPATH\Boot.php(67): CodeIgniter\Boot::runCodeIgniter(Object(CodeIgniter\CodeIgniter))
 8 FCPATH\index.php(56): CodeIgniter\Boot::bootWeb(Object(Config\Paths))
CRITICAL - 2025-01-17 11:58:22 --> Exception: Unable to generate image: please check if the GD extension is enabled and configured correctly
[Method: GET, Route: generate-qr]
in FCPATH\vendor\endroid\qr-code\src\Writer\AbstractGdWriter.php on line 33.
 1 FCPATH\vendor\endroid\qr-code\src\Writer\PngWriter.php(25): Endroid\QrCode\Writer\AbstractGdWriter->write(Object(Endroid\QrCode\QrCode), null, null, [...])
 2 APPPATH\Controllers\QRCodeController.php(22): Endroid\QrCode\Writer\PngWriter->write(Object(Endroid\QrCode\QrCode))
 3 SYSTEMPATH\CodeIgniter.php(933): App\Controllers\QRCodeController->generate()
 4 SYSTEMPATH\CodeIgniter.php(509): CodeIgniter\CodeIgniter->runController(Object(App\Controllers\QRCodeController))
 5 SYSTEMPATH\CodeIgniter.php(355): CodeIgniter\CodeIgniter->handleRequest(null, Object(Config\Cache), false)
 6 SYSTEMPATH\Boot.php(325): CodeIgniter\CodeIgniter->run()
 7 SYSTEMPATH\Boot.php(67): CodeIgniter\Boot::runCodeIgniter(Object(CodeIgniter\CodeIgniter))
 8 FCPATH\index.php(56): CodeIgniter\Boot::bootWeb(Object(Config\Paths))
INFO - 2025-01-17 11:58:56 --> Session: Class initialized using 'CodeIgniter\Session\Handlers\FileHandler' driver.
INFO - 2025-01-17 12:00:03 --> Session: Class initialized using 'CodeIgniter\Session\Handlers\FileHandler' driver.
INFO - 2025-01-17 12:00:07 --> Session: Class initialized using 'CodeIgniter\Session\Handlers\FileHandler' driver.
INFO - 2025-01-17 12:03:35 --> Session: Class initialized using 'CodeIgniter\Session\Handlers\FileHandler' driver.
INFO - 2025-01-17 12:04:06 --> Session: Class initialized using 'CodeIgniter\Session\Handlers\FileHandler' driver.
INFO - 2025-01-17 12:05:06 --> Session: Class initialized using 'CodeIgniter\Session\Handlers\FileHandler' driver.
INFO - 2025-01-17 12:07:56 --> Session: Class initialized using 'CodeIgniter\Session\Handlers\FileHandler' driver.
INFO - 2025-01-17 12:09:19 --> Session: Class initialized using 'CodeIgniter\Session\Handlers\FileHandler' driver.
INFO - 2025-01-17 12:09:34 --> Session: Class initialized using 'CodeIgniter\Session\Handlers\FileHandler' driver.
INFO - 2025-01-17 12:09:45 --> Session: Class initialized using 'CodeIgniter\Session\Handlers\FileHandler' driver.
INFO - 2025-01-17 12:09:47 --> Session: Class initialized using 'CodeIgniter\Session\Handlers\FileHandler' driver.
INFO - 2025-01-17 12:10:00 --> Session: Class initialized using 'CodeIgniter\Session\Handlers\FileHandler' driver.
INFO - 2025-01-17 12:10:03 --> Session: Class initialized using 'CodeIgniter\Session\Handlers\FileHandler' driver.
INFO - 2025-01-17 12:10:05 --> Session: Class initialized using 'CodeIgniter\Session\Handlers\FileHandler' driver.
CRITICAL - 2025-01-17 12:10:05 --> TypeError: App\Controllers\SiparisInceleController::index(): Return value must be of type string, CodeIgniter\HTTP\RedirectResponse returned
[Method: POST, Route: incele]
in APPPATH\Controllers\SiparisInceleController.php on line 44.
 1 SYSTEMPATH\CodeIgniter.php(933): App\Controllers\SiparisInceleController->index()
 2 SYSTEMPATH\CodeIgniter.php(509): CodeIgniter\CodeIgniter->runController(Object(App\Controllers\SiparisInceleController))
 3 SYSTEMPATH\CodeIgniter.php(355): CodeIgniter\CodeIgniter->handleRequest(null, Object(Config\Cache), false)
 4 SYSTEMPATH\Boot.php(325): CodeIgniter\CodeIgniter->run()
 5 SYSTEMPATH\Boot.php(67): CodeIgniter\Boot::runCodeIgniter(Object(CodeIgniter\CodeIgniter))
 6 FCPATH\index.php(56): CodeIgniter\Boot::bootWeb(Object(Config\Paths))
INFO - 2025-01-17 12:10:09 --> Session: Class initialized using 'CodeIgniter\Session\Handlers\FileHandler' driver.
CRITICAL - 2025-01-17 12:10:09 --> TypeError: App\Controllers\SiparisInceleController::index(): Return value must be of type string, CodeIgniter\HTTP\RedirectResponse returned
[Method: POST, Route: incele]
in APPPATH\Controllers\SiparisInceleController.php on line 44.
 1 SYSTEMPATH\CodeIgniter.php(933): App\Controllers\SiparisInceleController->index()
 2 SYSTEMPATH\CodeIgniter.php(509): CodeIgniter\CodeIgniter->runController(Object(App\Controllers\SiparisInceleController))
 3 SYSTEMPATH\CodeIgniter.php(355): CodeIgniter\CodeIgniter->handleRequest(null, Object(Config\Cache), false)
 4 SYSTEMPATH\Boot.php(325): CodeIgniter\CodeIgniter->run()
 5 SYSTEMPATH\Boot.php(67): CodeIgniter\Boot::runCodeIgniter(Object(CodeIgniter\CodeIgniter))
 6 FCPATH\index.php(56): CodeIgniter\Boot::bootWeb(Object(Config\Paths))
INFO - 2025-01-17 12:10:12 --> Session: Class initialized using 'CodeIgniter\Session\Handlers\FileHandler' driver.
INFO - 2025-01-17 12:11:06 --> Session: Class initialized using 'CodeIgniter\Session\Handlers\FileHandler' driver.
INFO - 2025-01-17 12:11:09 --> Session: Class initialized using 'CodeIgniter\Session\Handlers\FileHandler' driver.
INFO - 2025-01-17 12:11:10 --> Session: Class initialized using 'CodeIgniter\Session\Handlers\FileHandler' driver.
INFO - 2025-01-17 12:11:14 --> Session: Class initialized using 'CodeIgniter\Session\Handlers\FileHandler' driver.
INFO - 2025-01-17 12:11:16 --> Session: Class initialized using 'CodeIgniter\Session\Handlers\FileHandler' driver.
CRITICAL - 2025-01-17 12:11:16 --> TypeError: App\Controllers\SiparisInceleController::index(): Return value must be of type string, CodeIgniter\HTTP\RedirectResponse returned
[Method: POST, Route: incele]
in APPPATH\Controllers\SiparisInceleController.php on line 44.
 1 SYSTEMPATH\CodeIgniter.php(933): App\Controllers\SiparisInceleController->index()
 2 SYSTEMPATH\CodeIgniter.php(509): CodeIgniter\CodeIgniter->runController(Object(App\Controllers\SiparisInceleController))
 3 SYSTEMPATH\CodeIgniter.php(355): CodeIgniter\CodeIgniter->handleRequest(null, Object(Config\Cache), false)
 4 SYSTEMPATH\Boot.php(325): CodeIgniter\CodeIgniter->run()
 5 SYSTEMPATH\Boot.php(67): CodeIgniter\Boot::runCodeIgniter(Object(CodeIgniter\CodeIgniter))
 6 FCPATH\index.php(56): CodeIgniter\Boot::bootWeb(Object(Config\Paths))
INFO - 2025-01-17 12:11:19 --> Session: Class initialized using 'CodeIgniter\Session\Handlers\FileHandler' driver.
INFO - 2025-01-17 12:12:25 --> Session: Class initialized using 'CodeIgniter\Session\Handlers\FileHandler' driver.
INFO - 2025-01-17 12:15:06 --> Session: Class initialized using 'CodeIgniter\Session\Handlers\FileHandler' driver.
INFO - 2025-01-17 12:16:18 --> Session: Class initialized using 'CodeIgniter\Session\Handlers\FileHandler' driver.
INFO - 2025-01-17 12:17:19 --> Session: Class initialized using 'CodeIgniter\Session\Handlers\FileHandler' driver.
INFO - 2025-01-17 12:17:36 --> Session: Class initialized using 'CodeIgniter\Session\Handlers\FileHandler' driver.
INFO - 2025-01-17 12:19:08 --> Session: Class initialized using 'CodeIgniter\Session\Handlers\FileHandler' driver.
INFO - 2025-01-17 12:19:24 --> Session: Class initialized using 'CodeIgniter\Session\Handlers\FileHandler' driver.
INFO - 2025-01-17 12:19:35 --> Session: Class initialized using 'CodeIgniter\Session\Handlers\FileHandler' driver.
INFO - 2025-01-17 12:27:58 --> Session: Class initialized using 'CodeIgniter\Session\Handlers\FileHandler' driver.
INFO - 2025-01-17 12:27:59 --> Session: Class initialized using 'CodeIgniter\Session\Handlers\FileHandler' driver.
