CRITICAL - 2025-03-11 16:49:08 --> TypeError: CodeIgniter\HTTP\RedirectResponse::back(): Argument #1 ($code) must be of type ?int, string given, called in C:\xampp\htdocs\sarkod\app\Controllers\ProductEditController.php on line 84
[Method: GET, Route: admin/delete/15]
in SYSTEMPATH\HTTP\RedirectResponse.php on line 78.
 1 APPPATH\Controllers\ProductEditController.php(84): CodeIgniter\HTTP\RedirectResponse->back('/admin/yeniModelListele')
 2 SYSTEMPATH\CodeIgniter.php(933): App\Controllers\ProductEditController->delete('15')
 3 SYSTEMPATH\CodeIgniter.php(509): CodeIgniter\CodeIgniter->runController(Object(App\Controllers\ProductEditController))
 4 SYSTEMPATH\CodeIgniter.php(355): CodeIgniter\CodeIgniter->handleRequest(null, Object(Config\Cache), false)
 5 SYSTEMPATH\Boot.php(325): CodeIgniter\CodeIgniter->run()
 6 SYSTEMPATH\Boot.php(67): CodeIgniter\Boot::runCodeIgniter(Object(CodeIgniter\CodeIgniter))
 7 FCPATH\index.php(56): CodeIgniter\Boot::bootWeb(Object(Config\Paths))
CRITICAL - 2025-03-11 16:49:16 --> TypeError: CodeIgniter\HTTP\RedirectResponse::back(): Argument #1 ($code) must be of type ?int, string given, called in C:\xampp\htdocs\sarkod\app\Controllers\ProductEditController.php on line 84
[Method: GET, Route: admin/delete/15]
in SYSTEMPATH\HTTP\RedirectResponse.php on line 78.
 1 APPPATH\Controllers\ProductEditController.php(84): CodeIgniter\HTTP\RedirectResponse->back('/admin/yeniModelListele')
 2 SYSTEMPATH\CodeIgniter.php(933): App\Controllers\ProductEditController->delete('15')
 3 SYSTEMPATH\CodeIgniter.php(509): CodeIgniter\CodeIgniter->runController(Object(App\Controllers\ProductEditController))
 4 SYSTEMPATH\CodeIgniter.php(355): CodeIgniter\CodeIgniter->handleRequest(null, Object(Config\Cache), false)
 5 SYSTEMPATH\Boot.php(325): CodeIgniter\CodeIgniter->run()
 6 SYSTEMPATH\Boot.php(67): CodeIgniter\Boot::runCodeIgniter(Object(CodeIgniter\CodeIgniter))
 7 FCPATH\index.php(56): CodeIgniter\Boot::bootWeb(Object(Config\Paths))
