CRITICAL - 2024-12-31 14:05:16 --> Error: Class "App\Controllers\OrderModel" not found
[Method: GET, Route: siparisgir/db]
in APPPATH\Controllers\SiparisGirController.php on line 30.
 1 SYSTEMPATH\CodeIgniter.php(933): App\Controllers\SiparisGirController->dbgoster()
 2 SYSTEMPATH\CodeIgniter.php(509): CodeIgniter\CodeIgniter->runController(Object(App\Controllers\SiparisGirController))
 3 SYSTEMPATH\CodeIgniter.php(355): CodeIgniter\CodeIgniter->handleRequest(null, Object(Config\Cache), false)
 4 SYSTEMPATH\Boot.php(325): CodeIgniter\CodeIgniter->run()
 5 SYSTEMPATH\Boot.php(67): CodeIgniter\Boot::runCodeIgniter(Object(CodeIgniter\CodeIgniter))
 6 FCPATH\index.php(56): CodeIgniter\Boot::bootWeb(Object(Config\Paths))
CRITICAL - 2024-12-31 14:05:22 --> Error: Class "App\Controllers\OrderModel" not found
[Method: GET, Route: siparisgir/db]
in APPPATH\Controllers\SiparisGirController.php on line 30.
 1 SYSTEMPATH\CodeIgniter.php(933): App\Controllers\SiparisGirController->dbgoster()
 2 SYSTEMPATH\CodeIgniter.php(509): CodeIgniter\CodeIgniter->runController(Object(App\Controllers\SiparisGirController))
 3 SYSTEMPATH\CodeIgniter.php(355): CodeIgniter\CodeIgniter->handleRequest(null, Object(Config\Cache), false)
 4 SYSTEMPATH\Boot.php(325): CodeIgniter\CodeIgniter->run()
 5 SYSTEMPATH\Boot.php(67): CodeIgniter\Boot::runCodeIgniter(Object(CodeIgniter\CodeIgniter))
 6 FCPATH\index.php(56): CodeIgniter\Boot::bootWeb(Object(Config\Paths))
CRITICAL - 2024-12-31 14:05:23 --> Error: Class "App\Controllers\OrderModel" not found
[Method: GET, Route: siparisgir/db]
in APPPATH\Controllers\SiparisGirController.php on line 30.
 1 SYSTEMPATH\CodeIgniter.php(933): App\Controllers\SiparisGirController->dbgoster()
 2 SYSTEMPATH\CodeIgniter.php(509): CodeIgniter\CodeIgniter->runController(Object(App\Controllers\SiparisGirController))
 3 SYSTEMPATH\CodeIgniter.php(355): CodeIgniter\CodeIgniter->handleRequest(null, Object(Config\Cache), false)
 4 SYSTEMPATH\Boot.php(325): CodeIgniter\CodeIgniter->run()
 5 SYSTEMPATH\Boot.php(67): CodeIgniter\Boot::runCodeIgniter(Object(CodeIgniter\CodeIgniter))
 6 FCPATH\index.php(56): CodeIgniter\Boot::bootWeb(Object(Config\Paths))
CRITICAL - 2024-12-31 14:05:42 --> Error: Class "App\Controllers\OrderModel" not found
[Method: GET, Route: siparisgir/db]
in APPPATH\Controllers\SiparisGirController.php on line 30.
 1 SYSTEMPATH\CodeIgniter.php(933): App\Controllers\SiparisGirController->dbgoster()
 2 SYSTEMPATH\CodeIgniter.php(509): CodeIgniter\CodeIgniter->runController(Object(App\Controllers\SiparisGirController))
 3 SYSTEMPATH\CodeIgniter.php(355): CodeIgniter\CodeIgniter->handleRequest(null, Object(Config\Cache), false)
 4 SYSTEMPATH\Boot.php(325): CodeIgniter\CodeIgniter->run()
 5 SYSTEMPATH\Boot.php(67): CodeIgniter\Boot::runCodeIgniter(Object(CodeIgniter\CodeIgniter))
 6 FCPATH\index.php(56): CodeIgniter\Boot::bootWeb(Object(Config\Paths))
CRITICAL - 2024-12-31 14:06:55 --> Error: Class "App\Controllers\OrderModel" not found
[Method: GET, Route: siparisgir/db]
in APPPATH\Controllers\SiparisGirController.php on line 30.
 1 SYSTEMPATH\CodeIgniter.php(933): App\Controllers\SiparisGirController->dbgoster()
 2 SYSTEMPATH\CodeIgniter.php(509): CodeIgniter\CodeIgniter->runController(Object(App\Controllers\SiparisGirController))
 3 SYSTEMPATH\CodeIgniter.php(355): CodeIgniter\CodeIgniter->handleRequest(null, Object(Config\Cache), false)
 4 SYSTEMPATH\Boot.php(325): CodeIgniter\CodeIgniter->run()
 5 SYSTEMPATH\Boot.php(67): CodeIgniter\Boot::runCodeIgniter(Object(CodeIgniter\CodeIgniter))
 6 FCPATH\index.php(56): CodeIgniter\Boot::bootWeb(Object(Config\Paths))
CRITICAL - 2024-12-31 14:06:56 --> Error: Class "App\Controllers\OrderModel" not found
[Method: GET, Route: siparisgir/db]
in APPPATH\Controllers\SiparisGirController.php on line 30.
 1 SYSTEMPATH\CodeIgniter.php(933): App\Controllers\SiparisGirController->dbgoster()
 2 SYSTEMPATH\CodeIgniter.php(509): CodeIgniter\CodeIgniter->runController(Object(App\Controllers\SiparisGirController))
 3 SYSTEMPATH\CodeIgniter.php(355): CodeIgniter\CodeIgniter->handleRequest(null, Object(Config\Cache), false)
 4 SYSTEMPATH\Boot.php(325): CodeIgniter\CodeIgniter->run()
 5 SYSTEMPATH\Boot.php(67): CodeIgniter\Boot::runCodeIgniter(Object(CodeIgniter\CodeIgniter))
 6 FCPATH\index.php(56): CodeIgniter\Boot::bootWeb(Object(Config\Paths))
CRITICAL - 2024-12-31 14:06:56 --> Error: Class "App\Controllers\OrderModel" not found
[Method: GET, Route: siparisgir/db]
in APPPATH\Controllers\SiparisGirController.php on line 30.
 1 SYSTEMPATH\CodeIgniter.php(933): App\Controllers\SiparisGirController->dbgoster()
 2 SYSTEMPATH\CodeIgniter.php(509): CodeIgniter\CodeIgniter->runController(Object(App\Controllers\SiparisGirController))
 3 SYSTEMPATH\CodeIgniter.php(355): CodeIgniter\CodeIgniter->handleRequest(null, Object(Config\Cache), false)
 4 SYSTEMPATH\Boot.php(325): CodeIgniter\CodeIgniter->run()
 5 SYSTEMPATH\Boot.php(67): CodeIgniter\Boot::runCodeIgniter(Object(CodeIgniter\CodeIgniter))
 6 FCPATH\index.php(56): CodeIgniter\Boot::bootWeb(Object(Config\Paths))
CRITICAL - 2024-12-31 14:06:56 --> Error: Class "App\Controllers\OrderModel" not found
[Method: GET, Route: siparisgir/db]
in APPPATH\Controllers\SiparisGirController.php on line 30.
 1 SYSTEMPATH\CodeIgniter.php(933): App\Controllers\SiparisGirController->dbgoster()
 2 SYSTEMPATH\CodeIgniter.php(509): CodeIgniter\CodeIgniter->runController(Object(App\Controllers\SiparisGirController))
 3 SYSTEMPATH\CodeIgniter.php(355): CodeIgniter\CodeIgniter->handleRequest(null, Object(Config\Cache), false)
 4 SYSTEMPATH\Boot.php(325): CodeIgniter\CodeIgniter->run()
 5 SYSTEMPATH\Boot.php(67): CodeIgniter\Boot::runCodeIgniter(Object(CodeIgniter\CodeIgniter))
 6 FCPATH\index.php(56): CodeIgniter\Boot::bootWeb(Object(Config\Paths))
CRITICAL - 2024-12-31 14:06:57 --> Error: Class "App\Controllers\OrderModel" not found
[Method: GET, Route: siparisgir/db]
in APPPATH\Controllers\SiparisGirController.php on line 30.
 1 SYSTEMPATH\CodeIgniter.php(933): App\Controllers\SiparisGirController->dbgoster()
 2 SYSTEMPATH\CodeIgniter.php(509): CodeIgniter\CodeIgniter->runController(Object(App\Controllers\SiparisGirController))
 3 SYSTEMPATH\CodeIgniter.php(355): CodeIgniter\CodeIgniter->handleRequest(null, Object(Config\Cache), false)
 4 SYSTEMPATH\Boot.php(325): CodeIgniter\CodeIgniter->run()
 5 SYSTEMPATH\Boot.php(67): CodeIgniter\Boot::runCodeIgniter(Object(CodeIgniter\CodeIgniter))
 6 FCPATH\index.php(56): CodeIgniter\Boot::bootWeb(Object(Config\Paths))
CRITICAL - 2024-12-31 14:06:57 --> Error: Class "App\Controllers\OrderModel" not found
[Method: GET, Route: siparisgir/db]
in APPPATH\Controllers\SiparisGirController.php on line 30.
 1 SYSTEMPATH\CodeIgniter.php(933): App\Controllers\SiparisGirController->dbgoster()
 2 SYSTEMPATH\CodeIgniter.php(509): CodeIgniter\CodeIgniter->runController(Object(App\Controllers\SiparisGirController))
 3 SYSTEMPATH\CodeIgniter.php(355): CodeIgniter\CodeIgniter->handleRequest(null, Object(Config\Cache), false)
 4 SYSTEMPATH\Boot.php(325): CodeIgniter\CodeIgniter->run()
 5 SYSTEMPATH\Boot.php(67): CodeIgniter\Boot::runCodeIgniter(Object(CodeIgniter\CodeIgniter))
 6 FCPATH\index.php(56): CodeIgniter\Boot::bootWeb(Object(Config\Paths))
CRITICAL - 2024-12-31 14:07:00 --> Error: Class "App\Controllers\OrderModel" not found
[Method: GET, Route: siparisgir/db]
in APPPATH\Controllers\SiparisGirController.php on line 30.
 1 SYSTEMPATH\CodeIgniter.php(933): App\Controllers\SiparisGirController->dbgoster()
 2 SYSTEMPATH\CodeIgniter.php(509): CodeIgniter\CodeIgniter->runController(Object(App\Controllers\SiparisGirController))
 3 SYSTEMPATH\CodeIgniter.php(355): CodeIgniter\CodeIgniter->handleRequest(null, Object(Config\Cache), false)
 4 SYSTEMPATH\Boot.php(325): CodeIgniter\CodeIgniter->run()
 5 SYSTEMPATH\Boot.php(67): CodeIgniter\Boot::runCodeIgniter(Object(CodeIgniter\CodeIgniter))
 6 FCPATH\index.php(56): CodeIgniter\Boot::bootWeb(Object(Config\Paths))
CRITICAL - 2024-12-31 14:07:01 --> Error: Class "App\Controllers\OrderModel" not found
[Method: GET, Route: siparisgir/db]
in APPPATH\Controllers\SiparisGirController.php on line 30.
 1 SYSTEMPATH\CodeIgniter.php(933): App\Controllers\SiparisGirController->dbgoster()
 2 SYSTEMPATH\CodeIgniter.php(509): CodeIgniter\CodeIgniter->runController(Object(App\Controllers\SiparisGirController))
 3 SYSTEMPATH\CodeIgniter.php(355): CodeIgniter\CodeIgniter->handleRequest(null, Object(Config\Cache), false)
 4 SYSTEMPATH\Boot.php(325): CodeIgniter\CodeIgniter->run()
 5 SYSTEMPATH\Boot.php(67): CodeIgniter\Boot::runCodeIgniter(Object(CodeIgniter\CodeIgniter))
 6 FCPATH\index.php(56): CodeIgniter\Boot::bootWeb(Object(Config\Paths))
CRITICAL - 2024-12-31 14:07:04 --> Error: Class "App\Controllers\OrderModel" not found
[Method: GET, Route: siparisgir/db]
in APPPATH\Controllers\SiparisGirController.php on line 30.
 1 SYSTEMPATH\CodeIgniter.php(933): App\Controllers\SiparisGirController->dbgoster()
 2 SYSTEMPATH\CodeIgniter.php(509): CodeIgniter\CodeIgniter->runController(Object(App\Controllers\SiparisGirController))
 3 SYSTEMPATH\CodeIgniter.php(355): CodeIgniter\CodeIgniter->handleRequest(null, Object(Config\Cache), false)
 4 SYSTEMPATH\Boot.php(325): CodeIgniter\CodeIgniter->run()
 5 SYSTEMPATH\Boot.php(67): CodeIgniter\Boot::runCodeIgniter(Object(CodeIgniter\CodeIgniter))
 6 FCPATH\index.php(56): CodeIgniter\Boot::bootWeb(Object(Config\Paths))
CRITICAL - 2024-12-31 14:07:05 --> Error: Class "App\Controllers\OrderModel" not found
[Method: GET, Route: siparisgir/db]
in APPPATH\Controllers\SiparisGirController.php on line 30.
 1 SYSTEMPATH\CodeIgniter.php(933): App\Controllers\SiparisGirController->dbgoster()
 2 SYSTEMPATH\CodeIgniter.php(509): CodeIgniter\CodeIgniter->runController(Object(App\Controllers\SiparisGirController))
 3 SYSTEMPATH\CodeIgniter.php(355): CodeIgniter\CodeIgniter->handleRequest(null, Object(Config\Cache), false)
 4 SYSTEMPATH\Boot.php(325): CodeIgniter\CodeIgniter->run()
 5 SYSTEMPATH\Boot.php(67): CodeIgniter\Boot::runCodeIgniter(Object(CodeIgniter\CodeIgniter))
 6 FCPATH\index.php(56): CodeIgniter\Boot::bootWeb(Object(Config\Paths))
CRITICAL - 2024-12-31 14:07:05 --> Error: Class "App\Controllers\OrderModel" not found
[Method: GET, Route: siparisgir/db]
in APPPATH\Controllers\SiparisGirController.php on line 30.
 1 SYSTEMPATH\CodeIgniter.php(933): App\Controllers\SiparisGirController->dbgoster()
 2 SYSTEMPATH\CodeIgniter.php(509): CodeIgniter\CodeIgniter->runController(Object(App\Controllers\SiparisGirController))
 3 SYSTEMPATH\CodeIgniter.php(355): CodeIgniter\CodeIgniter->handleRequest(null, Object(Config\Cache), false)
 4 SYSTEMPATH\Boot.php(325): CodeIgniter\CodeIgniter->run()
 5 SYSTEMPATH\Boot.php(67): CodeIgniter\Boot::runCodeIgniter(Object(CodeIgniter\CodeIgniter))
 6 FCPATH\index.php(56): CodeIgniter\Boot::bootWeb(Object(Config\Paths))
CRITICAL - 2024-12-31 14:07:05 --> Error: Class "App\Controllers\OrderModel" not found
[Method: GET, Route: siparisgir/db]
in APPPATH\Controllers\SiparisGirController.php on line 30.
 1 SYSTEMPATH\CodeIgniter.php(933): App\Controllers\SiparisGirController->dbgoster()
 2 SYSTEMPATH\CodeIgniter.php(509): CodeIgniter\CodeIgniter->runController(Object(App\Controllers\SiparisGirController))
 3 SYSTEMPATH\CodeIgniter.php(355): CodeIgniter\CodeIgniter->handleRequest(null, Object(Config\Cache), false)
 4 SYSTEMPATH\Boot.php(325): CodeIgniter\CodeIgniter->run()
 5 SYSTEMPATH\Boot.php(67): CodeIgniter\Boot::runCodeIgniter(Object(CodeIgniter\CodeIgniter))
 6 FCPATH\index.php(56): CodeIgniter\Boot::bootWeb(Object(Config\Paths))
CRITICAL - 2024-12-31 14:07:05 --> Error: Class "App\Controllers\OrderModel" not found
[Method: GET, Route: siparisgir/db]
in APPPATH\Controllers\SiparisGirController.php on line 30.
 1 SYSTEMPATH\CodeIgniter.php(933): App\Controllers\SiparisGirController->dbgoster()
 2 SYSTEMPATH\CodeIgniter.php(509): CodeIgniter\CodeIgniter->runController(Object(App\Controllers\SiparisGirController))
 3 SYSTEMPATH\CodeIgniter.php(355): CodeIgniter\CodeIgniter->handleRequest(null, Object(Config\Cache), false)
 4 SYSTEMPATH\Boot.php(325): CodeIgniter\CodeIgniter->run()
 5 SYSTEMPATH\Boot.php(67): CodeIgniter\Boot::runCodeIgniter(Object(CodeIgniter\CodeIgniter))
 6 FCPATH\index.php(56): CodeIgniter\Boot::bootWeb(Object(Config\Paths))
CRITICAL - 2024-12-31 14:07:06 --> Error: Class "App\Controllers\OrderModel" not found
[Method: GET, Route: siparisgir/db]
in APPPATH\Controllers\SiparisGirController.php on line 30.
 1 SYSTEMPATH\CodeIgniter.php(933): App\Controllers\SiparisGirController->dbgoster()
 2 SYSTEMPATH\CodeIgniter.php(509): CodeIgniter\CodeIgniter->runController(Object(App\Controllers\SiparisGirController))
 3 SYSTEMPATH\CodeIgniter.php(355): CodeIgniter\CodeIgniter->handleRequest(null, Object(Config\Cache), false)
 4 SYSTEMPATH\Boot.php(325): CodeIgniter\CodeIgniter->run()
 5 SYSTEMPATH\Boot.php(67): CodeIgniter\Boot::runCodeIgniter(Object(CodeIgniter\CodeIgniter))
 6 FCPATH\index.php(56): CodeIgniter\Boot::bootWeb(Object(Config\Paths))
CRITICAL - 2024-12-31 14:07:06 --> Error: Class "App\Controllers\OrderModel" not found
[Method: GET, Route: siparisgir/db]
in APPPATH\Controllers\SiparisGirController.php on line 30.
 1 SYSTEMPATH\CodeIgniter.php(933): App\Controllers\SiparisGirController->dbgoster()
 2 SYSTEMPATH\CodeIgniter.php(509): CodeIgniter\CodeIgniter->runController(Object(App\Controllers\SiparisGirController))
 3 SYSTEMPATH\CodeIgniter.php(355): CodeIgniter\CodeIgniter->handleRequest(null, Object(Config\Cache), false)
 4 SYSTEMPATH\Boot.php(325): CodeIgniter\CodeIgniter->run()
 5 SYSTEMPATH\Boot.php(67): CodeIgniter\Boot::runCodeIgniter(Object(CodeIgniter\CodeIgniter))
 6 FCPATH\index.php(56): CodeIgniter\Boot::bootWeb(Object(Config\Paths))
CRITICAL - 2024-12-31 14:07:06 --> Error: Class "App\Controllers\OrderModel" not found
[Method: GET, Route: siparisgir/db]
in APPPATH\Controllers\SiparisGirController.php on line 30.
 1 SYSTEMPATH\CodeIgniter.php(933): App\Controllers\SiparisGirController->dbgoster()
 2 SYSTEMPATH\CodeIgniter.php(509): CodeIgniter\CodeIgniter->runController(Object(App\Controllers\SiparisGirController))
 3 SYSTEMPATH\CodeIgniter.php(355): CodeIgniter\CodeIgniter->handleRequest(null, Object(Config\Cache), false)
 4 SYSTEMPATH\Boot.php(325): CodeIgniter\CodeIgniter->run()
 5 SYSTEMPATH\Boot.php(67): CodeIgniter\Boot::runCodeIgniter(Object(CodeIgniter\CodeIgniter))
 6 FCPATH\index.php(56): CodeIgniter\Boot::bootWeb(Object(Config\Paths))
CRITICAL - 2024-12-31 14:07:06 --> Error: Class "App\Controllers\OrderModel" not found
[Method: GET, Route: siparisgir/db]
in APPPATH\Controllers\SiparisGirController.php on line 30.
 1 SYSTEMPATH\CodeIgniter.php(933): App\Controllers\SiparisGirController->dbgoster()
 2 SYSTEMPATH\CodeIgniter.php(509): CodeIgniter\CodeIgniter->runController(Object(App\Controllers\SiparisGirController))
 3 SYSTEMPATH\CodeIgniter.php(355): CodeIgniter\CodeIgniter->handleRequest(null, Object(Config\Cache), false)
 4 SYSTEMPATH\Boot.php(325): CodeIgniter\CodeIgniter->run()
 5 SYSTEMPATH\Boot.php(67): CodeIgniter\Boot::runCodeIgniter(Object(CodeIgniter\CodeIgniter))
 6 FCPATH\index.php(56): CodeIgniter\Boot::bootWeb(Object(Config\Paths))
CRITICAL - 2024-12-31 14:07:06 --> Error: Class "App\Controllers\OrderModel" not found
[Method: GET, Route: siparisgir/db]
in APPPATH\Controllers\SiparisGirController.php on line 30.
 1 SYSTEMPATH\CodeIgniter.php(933): App\Controllers\SiparisGirController->dbgoster()
 2 SYSTEMPATH\CodeIgniter.php(509): CodeIgniter\CodeIgniter->runController(Object(App\Controllers\SiparisGirController))
 3 SYSTEMPATH\CodeIgniter.php(355): CodeIgniter\CodeIgniter->handleRequest(null, Object(Config\Cache), false)
 4 SYSTEMPATH\Boot.php(325): CodeIgniter\CodeIgniter->run()
 5 SYSTEMPATH\Boot.php(67): CodeIgniter\Boot::runCodeIgniter(Object(CodeIgniter\CodeIgniter))
 6 FCPATH\index.php(56): CodeIgniter\Boot::bootWeb(Object(Config\Paths))
CRITICAL - 2024-12-31 14:07:45 --> Error: Class "App\Controllers\OrderModel" not found
[Method: GET, Route: siparisgir/db]
in APPPATH\Controllers\SiparisGirController.php on line 30.
 1 SYSTEMPATH\CodeIgniter.php(933): App\Controllers\SiparisGirController->dbgoster()
 2 SYSTEMPATH\CodeIgniter.php(509): CodeIgniter\CodeIgniter->runController(Object(App\Controllers\SiparisGirController))
 3 SYSTEMPATH\CodeIgniter.php(355): CodeIgniter\CodeIgniter->handleRequest(null, Object(Config\Cache), false)
 4 SYSTEMPATH\Boot.php(325): CodeIgniter\CodeIgniter->run()
 5 SYSTEMPATH\Boot.php(67): CodeIgniter\Boot::runCodeIgniter(Object(CodeIgniter\CodeIgniter))
 6 FCPATH\index.php(56): CodeIgniter\Boot::bootWeb(Object(Config\Paths))
CRITICAL - 2024-12-31 14:07:46 --> Error: Class "App\Controllers\OrderModel" not found
[Method: GET, Route: siparisgir/db]
in APPPATH\Controllers\SiparisGirController.php on line 30.
 1 SYSTEMPATH\CodeIgniter.php(933): App\Controllers\SiparisGirController->dbgoster()
 2 SYSTEMPATH\CodeIgniter.php(509): CodeIgniter\CodeIgniter->runController(Object(App\Controllers\SiparisGirController))
 3 SYSTEMPATH\CodeIgniter.php(355): CodeIgniter\CodeIgniter->handleRequest(null, Object(Config\Cache), false)
 4 SYSTEMPATH\Boot.php(325): CodeIgniter\CodeIgniter->run()
 5 SYSTEMPATH\Boot.php(67): CodeIgniter\Boot::runCodeIgniter(Object(CodeIgniter\CodeIgniter))
 6 FCPATH\index.php(56): CodeIgniter\Boot::bootWeb(Object(Config\Paths))
CRITICAL - 2024-12-31 14:07:46 --> Error: Class "App\Controllers\OrderModel" not found
[Method: GET, Route: siparisgir/db]
in APPPATH\Controllers\SiparisGirController.php on line 30.
 1 SYSTEMPATH\CodeIgniter.php(933): App\Controllers\SiparisGirController->dbgoster()
 2 SYSTEMPATH\CodeIgniter.php(509): CodeIgniter\CodeIgniter->runController(Object(App\Controllers\SiparisGirController))
 3 SYSTEMPATH\CodeIgniter.php(355): CodeIgniter\CodeIgniter->handleRequest(null, Object(Config\Cache), false)
 4 SYSTEMPATH\Boot.php(325): CodeIgniter\CodeIgniter->run()
 5 SYSTEMPATH\Boot.php(67): CodeIgniter\Boot::runCodeIgniter(Object(CodeIgniter\CodeIgniter))
 6 FCPATH\index.php(56): CodeIgniter\Boot::bootWeb(Object(Config\Paths))
CRITICAL - 2024-12-31 14:07:46 --> Error: Class "App\Controllers\OrderModel" not found
[Method: GET, Route: siparisgir/db]
in APPPATH\Controllers\SiparisGirController.php on line 30.
 1 SYSTEMPATH\CodeIgniter.php(933): App\Controllers\SiparisGirController->dbgoster()
 2 SYSTEMPATH\CodeIgniter.php(509): CodeIgniter\CodeIgniter->runController(Object(App\Controllers\SiparisGirController))
 3 SYSTEMPATH\CodeIgniter.php(355): CodeIgniter\CodeIgniter->handleRequest(null, Object(Config\Cache), false)
 4 SYSTEMPATH\Boot.php(325): CodeIgniter\CodeIgniter->run()
 5 SYSTEMPATH\Boot.php(67): CodeIgniter\Boot::runCodeIgniter(Object(CodeIgniter\CodeIgniter))
 6 FCPATH\index.php(56): CodeIgniter\Boot::bootWeb(Object(Config\Paths))
CRITICAL - 2024-12-31 14:07:46 --> Error: Class "App\Controllers\OrderModel" not found
[Method: GET, Route: siparisgir/db]
in APPPATH\Controllers\SiparisGirController.php on line 30.
 1 SYSTEMPATH\CodeIgniter.php(933): App\Controllers\SiparisGirController->dbgoster()
 2 SYSTEMPATH\CodeIgniter.php(509): CodeIgniter\CodeIgniter->runController(Object(App\Controllers\SiparisGirController))
 3 SYSTEMPATH\CodeIgniter.php(355): CodeIgniter\CodeIgniter->handleRequest(null, Object(Config\Cache), false)
 4 SYSTEMPATH\Boot.php(325): CodeIgniter\CodeIgniter->run()
 5 SYSTEMPATH\Boot.php(67): CodeIgniter\Boot::runCodeIgniter(Object(CodeIgniter\CodeIgniter))
 6 FCPATH\index.php(56): CodeIgniter\Boot::bootWeb(Object(Config\Paths))
CRITICAL - 2024-12-31 14:07:46 --> Error: Class "App\Controllers\OrderModel" not found
[Method: GET, Route: siparisgir/db]
in APPPATH\Controllers\SiparisGirController.php on line 30.
 1 SYSTEMPATH\CodeIgniter.php(933): App\Controllers\SiparisGirController->dbgoster()
 2 SYSTEMPATH\CodeIgniter.php(509): CodeIgniter\CodeIgniter->runController(Object(App\Controllers\SiparisGirController))
 3 SYSTEMPATH\CodeIgniter.php(355): CodeIgniter\CodeIgniter->handleRequest(null, Object(Config\Cache), false)
 4 SYSTEMPATH\Boot.php(325): CodeIgniter\CodeIgniter->run()
 5 SYSTEMPATH\Boot.php(67): CodeIgniter\Boot::runCodeIgniter(Object(CodeIgniter\CodeIgniter))
 6 FCPATH\index.php(56): CodeIgniter\Boot::bootWeb(Object(Config\Paths))
CRITICAL - 2024-12-31 14:07:46 --> Error: Class "App\Controllers\OrderModel" not found
[Method: GET, Route: siparisgir/db]
in APPPATH\Controllers\SiparisGirController.php on line 30.
 1 SYSTEMPATH\CodeIgniter.php(933): App\Controllers\SiparisGirController->dbgoster()
 2 SYSTEMPATH\CodeIgniter.php(509): CodeIgniter\CodeIgniter->runController(Object(App\Controllers\SiparisGirController))
 3 SYSTEMPATH\CodeIgniter.php(355): CodeIgniter\CodeIgniter->handleRequest(null, Object(Config\Cache), false)
 4 SYSTEMPATH\Boot.php(325): CodeIgniter\CodeIgniter->run()
 5 SYSTEMPATH\Boot.php(67): CodeIgniter\Boot::runCodeIgniter(Object(CodeIgniter\CodeIgniter))
 6 FCPATH\index.php(56): CodeIgniter\Boot::bootWeb(Object(Config\Paths))
CRITICAL - 2024-12-31 14:07:47 --> Error: Class "App\Controllers\OrderModel" not found
[Method: GET, Route: siparisgir/db]
in APPPATH\Controllers\SiparisGirController.php on line 30.
 1 SYSTEMPATH\CodeIgniter.php(933): App\Controllers\SiparisGirController->dbgoster()
 2 SYSTEMPATH\CodeIgniter.php(509): CodeIgniter\CodeIgniter->runController(Object(App\Controllers\SiparisGirController))
 3 SYSTEMPATH\CodeIgniter.php(355): CodeIgniter\CodeIgniter->handleRequest(null, Object(Config\Cache), false)
 4 SYSTEMPATH\Boot.php(325): CodeIgniter\CodeIgniter->run()
 5 SYSTEMPATH\Boot.php(67): CodeIgniter\Boot::runCodeIgniter(Object(CodeIgniter\CodeIgniter))
 6 FCPATH\index.php(56): CodeIgniter\Boot::bootWeb(Object(Config\Paths))
CRITICAL - 2024-12-31 14:07:47 --> Error: Class "App\Controllers\OrderModel" not found
[Method: GET, Route: siparisgir/db]
in APPPATH\Controllers\SiparisGirController.php on line 30.
 1 SYSTEMPATH\CodeIgniter.php(933): App\Controllers\SiparisGirController->dbgoster()
 2 SYSTEMPATH\CodeIgniter.php(509): CodeIgniter\CodeIgniter->runController(Object(App\Controllers\SiparisGirController))
 3 SYSTEMPATH\CodeIgniter.php(355): CodeIgniter\CodeIgniter->handleRequest(null, Object(Config\Cache), false)
 4 SYSTEMPATH\Boot.php(325): CodeIgniter\CodeIgniter->run()
 5 SYSTEMPATH\Boot.php(67): CodeIgniter\Boot::runCodeIgniter(Object(CodeIgniter\CodeIgniter))
 6 FCPATH\index.php(56): CodeIgniter\Boot::bootWeb(Object(Config\Paths))
CRITICAL - 2024-12-31 14:07:47 --> Error: Class "App\Controllers\OrderModel" not found
[Method: GET, Route: siparisgir/db]
in APPPATH\Controllers\SiparisGirController.php on line 30.
 1 SYSTEMPATH\CodeIgniter.php(933): App\Controllers\SiparisGirController->dbgoster()
 2 SYSTEMPATH\CodeIgniter.php(509): CodeIgniter\CodeIgniter->runController(Object(App\Controllers\SiparisGirController))
 3 SYSTEMPATH\CodeIgniter.php(355): CodeIgniter\CodeIgniter->handleRequest(null, Object(Config\Cache), false)
 4 SYSTEMPATH\Boot.php(325): CodeIgniter\CodeIgniter->run()
 5 SYSTEMPATH\Boot.php(67): CodeIgniter\Boot::runCodeIgniter(Object(CodeIgniter\CodeIgniter))
 6 FCPATH\index.php(56): CodeIgniter\Boot::bootWeb(Object(Config\Paths))
CRITICAL - 2024-12-31 14:07:49 --> Error: Class "App\Controllers\OrderModel" not found
[Method: GET, Route: siparisgir/db]
in APPPATH\Controllers\SiparisGirController.php on line 30.
 1 SYSTEMPATH\CodeIgniter.php(933): App\Controllers\SiparisGirController->dbgoster()
 2 SYSTEMPATH\CodeIgniter.php(509): CodeIgniter\CodeIgniter->runController(Object(App\Controllers\SiparisGirController))
 3 SYSTEMPATH\CodeIgniter.php(355): CodeIgniter\CodeIgniter->handleRequest(null, Object(Config\Cache), false)
 4 SYSTEMPATH\Boot.php(325): CodeIgniter\CodeIgniter->run()
 5 SYSTEMPATH\Boot.php(67): CodeIgniter\Boot::runCodeIgniter(Object(CodeIgniter\CodeIgniter))
 6 FCPATH\index.php(56): CodeIgniter\Boot::bootWeb(Object(Config\Paths))
CRITICAL - 2024-12-31 14:07:49 --> Error: Class "App\Controllers\OrderModel" not found
[Method: GET, Route: siparisgir/db]
in APPPATH\Controllers\SiparisGirController.php on line 30.
 1 SYSTEMPATH\CodeIgniter.php(933): App\Controllers\SiparisGirController->dbgoster()
 2 SYSTEMPATH\CodeIgniter.php(509): CodeIgniter\CodeIgniter->runController(Object(App\Controllers\SiparisGirController))
 3 SYSTEMPATH\CodeIgniter.php(355): CodeIgniter\CodeIgniter->handleRequest(null, Object(Config\Cache), false)
 4 SYSTEMPATH\Boot.php(325): CodeIgniter\CodeIgniter->run()
 5 SYSTEMPATH\Boot.php(67): CodeIgniter\Boot::runCodeIgniter(Object(CodeIgniter\CodeIgniter))
 6 FCPATH\index.php(56): CodeIgniter\Boot::bootWeb(Object(Config\Paths))
CRITICAL - 2024-12-31 14:08:06 --> Error: Class "App\Controllers\SiparisModel" not found
[Method: GET, Route: siparisgir/db]
in APPPATH\Controllers\SiparisGirController.php on line 30.
 1 SYSTEMPATH\CodeIgniter.php(933): App\Controllers\SiparisGirController->dbgoster()
 2 SYSTEMPATH\CodeIgniter.php(509): CodeIgniter\CodeIgniter->runController(Object(App\Controllers\SiparisGirController))
 3 SYSTEMPATH\CodeIgniter.php(355): CodeIgniter\CodeIgniter->handleRequest(null, Object(Config\Cache), false)
 4 SYSTEMPATH\Boot.php(325): CodeIgniter\CodeIgniter->run()
 5 SYSTEMPATH\Boot.php(67): CodeIgniter\Boot::runCodeIgniter(Object(CodeIgniter\CodeIgniter))
 6 FCPATH\index.php(56): CodeIgniter\Boot::bootWeb(Object(Config\Paths))
CRITICAL - 2024-12-31 14:08:07 --> Error: Class "App\Controllers\SiparisModel" not found
[Method: GET, Route: siparisgir/db]
in APPPATH\Controllers\SiparisGirController.php on line 30.
 1 SYSTEMPATH\CodeIgniter.php(933): App\Controllers\SiparisGirController->dbgoster()
 2 SYSTEMPATH\CodeIgniter.php(509): CodeIgniter\CodeIgniter->runController(Object(App\Controllers\SiparisGirController))
 3 SYSTEMPATH\CodeIgniter.php(355): CodeIgniter\CodeIgniter->handleRequest(null, Object(Config\Cache), false)
 4 SYSTEMPATH\Boot.php(325): CodeIgniter\CodeIgniter->run()
 5 SYSTEMPATH\Boot.php(67): CodeIgniter\Boot::runCodeIgniter(Object(CodeIgniter\CodeIgniter))
 6 FCPATH\index.php(56): CodeIgniter\Boot::bootWeb(Object(Config\Paths))
CRITICAL - 2024-12-31 14:08:20 --> Error: Class "App\Controllers\SiparisModel" not found
[Method: GET, Route: siparisgir/db]
in APPPATH\Controllers\SiparisGirController.php on line 30.
 1 SYSTEMPATH\CodeIgniter.php(933): App\Controllers\SiparisGirController->dbgoster()
 2 SYSTEMPATH\CodeIgniter.php(509): CodeIgniter\CodeIgniter->runController(Object(App\Controllers\SiparisGirController))
 3 SYSTEMPATH\CodeIgniter.php(355): CodeIgniter\CodeIgniter->handleRequest(null, Object(Config\Cache), false)
 4 SYSTEMPATH\Boot.php(325): CodeIgniter\CodeIgniter->run()
 5 SYSTEMPATH\Boot.php(67): CodeIgniter\Boot::runCodeIgniter(Object(CodeIgniter\CodeIgniter))
 6 FCPATH\index.php(56): CodeIgniter\Boot::bootWeb(Object(Config\Paths))
CRITICAL - 2024-12-31 14:08:20 --> Error: Class "App\Controllers\SiparisModel" not found
[Method: GET, Route: siparisgir/db]
in APPPATH\Controllers\SiparisGirController.php on line 30.
 1 SYSTEMPATH\CodeIgniter.php(933): App\Controllers\SiparisGirController->dbgoster()
 2 SYSTEMPATH\CodeIgniter.php(509): CodeIgniter\CodeIgniter->runController(Object(App\Controllers\SiparisGirController))
 3 SYSTEMPATH\CodeIgniter.php(355): CodeIgniter\CodeIgniter->handleRequest(null, Object(Config\Cache), false)
 4 SYSTEMPATH\Boot.php(325): CodeIgniter\CodeIgniter->run()
 5 SYSTEMPATH\Boot.php(67): CodeIgniter\Boot::runCodeIgniter(Object(CodeIgniter\CodeIgniter))
 6 FCPATH\index.php(56): CodeIgniter\Boot::bootWeb(Object(Config\Paths))
CRITICAL - 2024-12-31 14:08:20 --> Error: Class "App\Controllers\SiparisModel" not found
[Method: GET, Route: siparisgir/db]
in APPPATH\Controllers\SiparisGirController.php on line 30.
 1 SYSTEMPATH\CodeIgniter.php(933): App\Controllers\SiparisGirController->dbgoster()
 2 SYSTEMPATH\CodeIgniter.php(509): CodeIgniter\CodeIgniter->runController(Object(App\Controllers\SiparisGirController))
 3 SYSTEMPATH\CodeIgniter.php(355): CodeIgniter\CodeIgniter->handleRequest(null, Object(Config\Cache), false)
 4 SYSTEMPATH\Boot.php(325): CodeIgniter\CodeIgniter->run()
 5 SYSTEMPATH\Boot.php(67): CodeIgniter\Boot::runCodeIgniter(Object(CodeIgniter\CodeIgniter))
 6 FCPATH\index.php(56): CodeIgniter\Boot::bootWeb(Object(Config\Paths))
CRITICAL - 2024-12-31 14:08:21 --> Error: Class "App\Controllers\SiparisModel" not found
[Method: GET, Route: siparisgir/db]
in APPPATH\Controllers\SiparisGirController.php on line 30.
 1 SYSTEMPATH\CodeIgniter.php(933): App\Controllers\SiparisGirController->dbgoster()
 2 SYSTEMPATH\CodeIgniter.php(509): CodeIgniter\CodeIgniter->runController(Object(App\Controllers\SiparisGirController))
 3 SYSTEMPATH\CodeIgniter.php(355): CodeIgniter\CodeIgniter->handleRequest(null, Object(Config\Cache), false)
 4 SYSTEMPATH\Boot.php(325): CodeIgniter\CodeIgniter->run()
 5 SYSTEMPATH\Boot.php(67): CodeIgniter\Boot::runCodeIgniter(Object(CodeIgniter\CodeIgniter))
 6 FCPATH\index.php(56): CodeIgniter\Boot::bootWeb(Object(Config\Paths))
CRITICAL - 2024-12-31 14:08:21 --> Error: Class "App\Controllers\SiparisModel" not found
[Method: GET, Route: siparisgir/db]
in APPPATH\Controllers\SiparisGirController.php on line 30.
 1 SYSTEMPATH\CodeIgniter.php(933): App\Controllers\SiparisGirController->dbgoster()
 2 SYSTEMPATH\CodeIgniter.php(509): CodeIgniter\CodeIgniter->runController(Object(App\Controllers\SiparisGirController))
 3 SYSTEMPATH\CodeIgniter.php(355): CodeIgniter\CodeIgniter->handleRequest(null, Object(Config\Cache), false)
 4 SYSTEMPATH\Boot.php(325): CodeIgniter\CodeIgniter->run()
 5 SYSTEMPATH\Boot.php(67): CodeIgniter\Boot::runCodeIgniter(Object(CodeIgniter\CodeIgniter))
 6 FCPATH\index.php(56): CodeIgniter\Boot::bootWeb(Object(Config\Paths))
CRITICAL - 2024-12-31 14:08:21 --> Error: Class "App\Controllers\SiparisModel" not found
[Method: GET, Route: siparisgir/db]
in APPPATH\Controllers\SiparisGirController.php on line 30.
 1 SYSTEMPATH\CodeIgniter.php(933): App\Controllers\SiparisGirController->dbgoster()
 2 SYSTEMPATH\CodeIgniter.php(509): CodeIgniter\CodeIgniter->runController(Object(App\Controllers\SiparisGirController))
 3 SYSTEMPATH\CodeIgniter.php(355): CodeIgniter\CodeIgniter->handleRequest(null, Object(Config\Cache), false)
 4 SYSTEMPATH\Boot.php(325): CodeIgniter\CodeIgniter->run()
 5 SYSTEMPATH\Boot.php(67): CodeIgniter\Boot::runCodeIgniter(Object(CodeIgniter\CodeIgniter))
 6 FCPATH\index.php(56): CodeIgniter\Boot::bootWeb(Object(Config\Paths))
CRITICAL - 2024-12-31 14:08:21 --> Error: Class "App\Controllers\SiparisModel" not found
[Method: GET, Route: siparisgir/db]
in APPPATH\Controllers\SiparisGirController.php on line 30.
 1 SYSTEMPATH\CodeIgniter.php(933): App\Controllers\SiparisGirController->dbgoster()
 2 SYSTEMPATH\CodeIgniter.php(509): CodeIgniter\CodeIgniter->runController(Object(App\Controllers\SiparisGirController))
 3 SYSTEMPATH\CodeIgniter.php(355): CodeIgniter\CodeIgniter->handleRequest(null, Object(Config\Cache), false)
 4 SYSTEMPATH\Boot.php(325): CodeIgniter\CodeIgniter->run()
 5 SYSTEMPATH\Boot.php(67): CodeIgniter\Boot::runCodeIgniter(Object(CodeIgniter\CodeIgniter))
 6 FCPATH\index.php(56): CodeIgniter\Boot::bootWeb(Object(Config\Paths))
CRITICAL - 2024-12-31 14:08:21 --> Error: Class "App\Controllers\SiparisModel" not found
[Method: GET, Route: siparisgir/db]
in APPPATH\Controllers\SiparisGirController.php on line 30.
 1 SYSTEMPATH\CodeIgniter.php(933): App\Controllers\SiparisGirController->dbgoster()
 2 SYSTEMPATH\CodeIgniter.php(509): CodeIgniter\CodeIgniter->runController(Object(App\Controllers\SiparisGirController))
 3 SYSTEMPATH\CodeIgniter.php(355): CodeIgniter\CodeIgniter->handleRequest(null, Object(Config\Cache), false)
 4 SYSTEMPATH\Boot.php(325): CodeIgniter\CodeIgniter->run()
 5 SYSTEMPATH\Boot.php(67): CodeIgniter\Boot::runCodeIgniter(Object(CodeIgniter\CodeIgniter))
 6 FCPATH\index.php(56): CodeIgniter\Boot::bootWeb(Object(Config\Paths))
CRITICAL - 2024-12-31 14:08:21 --> Error: Class "App\Controllers\SiparisModel" not found
[Method: GET, Route: siparisgir/db]
in APPPATH\Controllers\SiparisGirController.php on line 30.
 1 SYSTEMPATH\CodeIgniter.php(933): App\Controllers\SiparisGirController->dbgoster()
 2 SYSTEMPATH\CodeIgniter.php(509): CodeIgniter\CodeIgniter->runController(Object(App\Controllers\SiparisGirController))
 3 SYSTEMPATH\CodeIgniter.php(355): CodeIgniter\CodeIgniter->handleRequest(null, Object(Config\Cache), false)
 4 SYSTEMPATH\Boot.php(325): CodeIgniter\CodeIgniter->run()
 5 SYSTEMPATH\Boot.php(67): CodeIgniter\Boot::runCodeIgniter(Object(CodeIgniter\CodeIgniter))
 6 FCPATH\index.php(56): CodeIgniter\Boot::bootWeb(Object(Config\Paths))
CRITICAL - 2024-12-31 14:08:22 --> Error: Class "App\Controllers\SiparisModel" not found
[Method: GET, Route: siparisgir/db]
in APPPATH\Controllers\SiparisGirController.php on line 30.
 1 SYSTEMPATH\CodeIgniter.php(933): App\Controllers\SiparisGirController->dbgoster()
 2 SYSTEMPATH\CodeIgniter.php(509): CodeIgniter\CodeIgniter->runController(Object(App\Controllers\SiparisGirController))
 3 SYSTEMPATH\CodeIgniter.php(355): CodeIgniter\CodeIgniter->handleRequest(null, Object(Config\Cache), false)
 4 SYSTEMPATH\Boot.php(325): CodeIgniter\CodeIgniter->run()
 5 SYSTEMPATH\Boot.php(67): CodeIgniter\Boot::runCodeIgniter(Object(CodeIgniter\CodeIgniter))
 6 FCPATH\index.php(56): CodeIgniter\Boot::bootWeb(Object(Config\Paths))
CRITICAL - 2024-12-31 14:08:22 --> Error: Class "App\Controllers\SiparisModel" not found
[Method: GET, Route: siparisgir/db]
in APPPATH\Controllers\SiparisGirController.php on line 30.
 1 SYSTEMPATH\CodeIgniter.php(933): App\Controllers\SiparisGirController->dbgoster()
 2 SYSTEMPATH\CodeIgniter.php(509): CodeIgniter\CodeIgniter->runController(Object(App\Controllers\SiparisGirController))
 3 SYSTEMPATH\CodeIgniter.php(355): CodeIgniter\CodeIgniter->handleRequest(null, Object(Config\Cache), false)
 4 SYSTEMPATH\Boot.php(325): CodeIgniter\CodeIgniter->run()
 5 SYSTEMPATH\Boot.php(67): CodeIgniter\Boot::runCodeIgniter(Object(CodeIgniter\CodeIgniter))
 6 FCPATH\index.php(56): CodeIgniter\Boot::bootWeb(Object(Config\Paths))
CRITICAL - 2024-12-31 14:08:43 --> Error: Class "App\Controllers\SiparisModel" not found
[Method: GET, Route: siparisgir/db]
in APPPATH\Controllers\SiparisGirController.php on line 30.
 1 SYSTEMPATH\CodeIgniter.php(933): App\Controllers\SiparisGirController->dbgoster()
 2 SYSTEMPATH\CodeIgniter.php(509): CodeIgniter\CodeIgniter->runController(Object(App\Controllers\SiparisGirController))
 3 SYSTEMPATH\CodeIgniter.php(355): CodeIgniter\CodeIgniter->handleRequest(null, Object(Config\Cache), false)
 4 SYSTEMPATH\Boot.php(325): CodeIgniter\CodeIgniter->run()
 5 SYSTEMPATH\Boot.php(67): CodeIgniter\Boot::runCodeIgniter(Object(CodeIgniter\CodeIgniter))
 6 FCPATH\index.php(56): CodeIgniter\Boot::bootWeb(Object(Config\Paths))
CRITICAL - 2024-12-31 14:08:43 --> Error: Class "App\Controllers\SiparisModel" not found
[Method: GET, Route: siparisgir/db]
in APPPATH\Controllers\SiparisGirController.php on line 30.
 1 SYSTEMPATH\CodeIgniter.php(933): App\Controllers\SiparisGirController->dbgoster()
 2 SYSTEMPATH\CodeIgniter.php(509): CodeIgniter\CodeIgniter->runController(Object(App\Controllers\SiparisGirController))
 3 SYSTEMPATH\CodeIgniter.php(355): CodeIgniter\CodeIgniter->handleRequest(null, Object(Config\Cache), false)
 4 SYSTEMPATH\Boot.php(325): CodeIgniter\CodeIgniter->run()
 5 SYSTEMPATH\Boot.php(67): CodeIgniter\Boot::runCodeIgniter(Object(CodeIgniter\CodeIgniter))
 6 FCPATH\index.php(56): CodeIgniter\Boot::bootWeb(Object(Config\Paths))
CRITICAL - 2024-12-31 14:08:44 --> Error: Class "App\Controllers\SiparisModel" not found
[Method: GET, Route: siparisgir/db]
in APPPATH\Controllers\SiparisGirController.php on line 30.
 1 SYSTEMPATH\CodeIgniter.php(933): App\Controllers\SiparisGirController->dbgoster()
 2 SYSTEMPATH\CodeIgniter.php(509): CodeIgniter\CodeIgniter->runController(Object(App\Controllers\SiparisGirController))
 3 SYSTEMPATH\CodeIgniter.php(355): CodeIgniter\CodeIgniter->handleRequest(null, Object(Config\Cache), false)
 4 SYSTEMPATH\Boot.php(325): CodeIgniter\CodeIgniter->run()
 5 SYSTEMPATH\Boot.php(67): CodeIgniter\Boot::runCodeIgniter(Object(CodeIgniter\CodeIgniter))
 6 FCPATH\index.php(56): CodeIgniter\Boot::bootWeb(Object(Config\Paths))
CRITICAL - 2024-12-31 14:08:55 --> Error: Class "App\Controllers\SiparisModel" not found
[Method: GET, Route: siparisgir/db]
in APPPATH\Controllers\SiparisGirController.php on line 30.
 1 SYSTEMPATH\CodeIgniter.php(933): App\Controllers\SiparisGirController->dbgoster()
 2 SYSTEMPATH\CodeIgniter.php(509): CodeIgniter\CodeIgniter->runController(Object(App\Controllers\SiparisGirController))
 3 SYSTEMPATH\CodeIgniter.php(355): CodeIgniter\CodeIgniter->handleRequest(null, Object(Config\Cache), false)
 4 SYSTEMPATH\Boot.php(325): CodeIgniter\CodeIgniter->run()
 5 SYSTEMPATH\Boot.php(67): CodeIgniter\Boot::runCodeIgniter(Object(CodeIgniter\CodeIgniter))
 6 FCPATH\index.php(56): CodeIgniter\Boot::bootWeb(Object(Config\Paths))
CRITICAL - 2024-12-31 14:36:21 --> ErrorException: Undefined variable $siparisDetayModel
[Method: POST, Route: siparisgir/save]
in APPPATH\Controllers\SiparisGirController.php on line 46.
 1 APPPATH\Controllers\SiparisGirController.php(46): CodeIgniter\Debug\Exceptions->errorHandler(2, 'Undefined variable $siparisDetayModel', 'C:\\xampp\\htdocs\\sarsiparis\\app\\Controllers\\SiparisGirController.php', 46)
 2 SYSTEMPATH\CodeIgniter.php(933): App\Controllers\SiparisGirController->save()
 3 SYSTEMPATH\CodeIgniter.php(509): CodeIgniter\CodeIgniter->runController(Object(App\Controllers\SiparisGirController))
 4 SYSTEMPATH\CodeIgniter.php(355): CodeIgniter\CodeIgniter->handleRequest(null, Object(Config\Cache), false)
 5 SYSTEMPATH\Boot.php(325): CodeIgniter\CodeIgniter->run()
 6 SYSTEMPATH\Boot.php(67): CodeIgniter\Boot::runCodeIgniter(Object(CodeIgniter\CodeIgniter))
 7 FCPATH\index.php(56): CodeIgniter\Boot::bootWeb(Object(Config\Paths))
CRITICAL - 2024-12-31 14:37:19 --> ErrorException: Undefined variable $siparisDetayModel
[Method: POST, Route: siparisgir/save]
in APPPATH\Controllers\SiparisGirController.php on line 46.
 1 APPPATH\Controllers\SiparisGirController.php(46): CodeIgniter\Debug\Exceptions->errorHandler(2, 'Undefined variable $siparisDetayModel', 'C:\\xampp\\htdocs\\sarsiparis\\app\\Controllers\\SiparisGirController.php', 46)
 2 SYSTEMPATH\CodeIgniter.php(933): App\Controllers\SiparisGirController->save()
 3 SYSTEMPATH\CodeIgniter.php(509): CodeIgniter\CodeIgniter->runController(Object(App\Controllers\SiparisGirController))
 4 SYSTEMPATH\CodeIgniter.php(355): CodeIgniter\CodeIgniter->handleRequest(null, Object(Config\Cache), false)
 5 SYSTEMPATH\Boot.php(325): CodeIgniter\CodeIgniter->run()
 6 SYSTEMPATH\Boot.php(67): CodeIgniter\Boot::runCodeIgniter(Object(CodeIgniter\CodeIgniter))
 7 FCPATH\index.php(56): CodeIgniter\Boot::bootWeb(Object(Config\Paths))
CRITICAL - 2024-12-31 14:37:53 --> ErrorException: Undefined variable $siparisDetayModel
[Method: POST, Route: siparisgir/save]
in APPPATH\Controllers\SiparisGirController.php on line 47.
 1 APPPATH\Controllers\SiparisGirController.php(47): CodeIgniter\Debug\Exceptions->errorHandler(2, 'Undefined variable $siparisDetayModel', 'C:\\xampp\\htdocs\\sarsiparis\\app\\Controllers\\SiparisGirController.php', 47)
 2 SYSTEMPATH\CodeIgniter.php(933): App\Controllers\SiparisGirController->save()
 3 SYSTEMPATH\CodeIgniter.php(509): CodeIgniter\CodeIgniter->runController(Object(App\Controllers\SiparisGirController))
 4 SYSTEMPATH\CodeIgniter.php(355): CodeIgniter\CodeIgniter->handleRequest(null, Object(Config\Cache), false)
 5 SYSTEMPATH\Boot.php(325): CodeIgniter\CodeIgniter->run()
 6 SYSTEMPATH\Boot.php(67): CodeIgniter\Boot::runCodeIgniter(Object(CodeIgniter\CodeIgniter))
 7 FCPATH\index.php(56): CodeIgniter\Boot::bootWeb(Object(Config\Paths))
CRITICAL - 2024-12-31 14:42:19 --> ErrorException: Undefined variable $siparisDetayModel
[Method: POST, Route: siparisgir/save]
in APPPATH\Controllers\SiparisGirController.php on line 49.
 1 APPPATH\Controllers\SiparisGirController.php(49): CodeIgniter\Debug\Exceptions->errorHandler(2, 'Undefined variable $siparisDetayModel', 'C:\\xampp\\htdocs\\sarsiparis\\app\\Controllers\\SiparisGirController.php', 49)
 2 SYSTEMPATH\CodeIgniter.php(933): App\Controllers\SiparisGirController->save()
 3 SYSTEMPATH\CodeIgniter.php(509): CodeIgniter\CodeIgniter->runController(Object(App\Controllers\SiparisGirController))
 4 SYSTEMPATH\CodeIgniter.php(355): CodeIgniter\CodeIgniter->handleRequest(null, Object(Config\Cache), false)
 5 SYSTEMPATH\Boot.php(325): CodeIgniter\CodeIgniter->run()
 6 SYSTEMPATH\Boot.php(67): CodeIgniter\Boot::runCodeIgniter(Object(CodeIgniter\CodeIgniter))
 7 FCPATH\index.php(56): CodeIgniter\Boot::bootWeb(Object(Config\Paths))
