CRITICAL - 2025-03-13 15:26:15 --> ErrorException: Undefined array key "yetki"
[Method: GET, Route: bilezikListele]
in APPPATH\Views\include\leftmenu.php on line 37.
 1 APPPATH\Views\include\leftmenu.php(37): CodeIgniter\Debug\Exceptions->errorHandler(2, 'Undefined array key "yetki"', 'C:\\xampp\\htdocs\\sarkod\\app\\Views\\include\\leftmenu.php', 37)
 2 SYSTEMPATH\View\View.php(234): include('C:\\xampp\\htdocs\\sarkod\\app\\Views\\include\\leftmenu.php')
 3 SYSTEMPATH\View\View.php(237): CodeIgniter\View\View->CodeIgniter\View\{closure}()
 4 SYSTEMPATH\Common.php(1171): CodeIgniter\View\View->render('include/leftmenu', [], true)
 5 APPPATH\Views\bilezikListele.php(2): view('include/leftmenu')
 6 SYSTEMPATH\View\View.php(234): include('C:\\xampp\\htdocs\\sarkod\\app\\Views\\bilezikListele.php')
 7 SYSTEMPATH\View\View.php(237): CodeIgniter\View\View->CodeIgniter\View\{closure}()
 8 SYSTEMPATH\Common.php(1171): CodeIgniter\View\View->render('bilezikListele', [], true)
 9 APPPATH\Controllers\BilezikListeleController.php(23): view('bilezikListele', [...])
10 SYSTEMPATH\CodeIgniter.php(933): App\Controllers\BilezikListeleController->index()
11 SYSTEMPATH\CodeIgniter.php(509): CodeIgniter\CodeIgniter->runController(Object(App\Controllers\BilezikListeleController))
12 SYSTEMPATH\CodeIgniter.php(355): CodeIgniter\CodeIgniter->handleRequest(null, Object(Config\Cache), false)
13 SYSTEMPATH\Boot.php(325): CodeIgniter\CodeIgniter->run()
14 SYSTEMPATH\Boot.php(67): CodeIgniter\Boot::runCodeIgniter(Object(CodeIgniter\CodeIgniter))
15 FCPATH\index.php(56): CodeIgniter\Boot::bootWeb(Object(Config\Paths))
CRITICAL - 2025-03-13 15:26:17 --> ErrorException: Undefined array key "yetki"
[Method: GET, Route: bilezikListele]
in APPPATH\Views\include\leftmenu.php on line 37.
 1 APPPATH\Views\include\leftmenu.php(37): CodeIgniter\Debug\Exceptions->errorHandler(2, 'Undefined array key "yetki"', 'C:\\xampp\\htdocs\\sarkod\\app\\Views\\include\\leftmenu.php', 37)
 2 SYSTEMPATH\View\View.php(234): include('C:\\xampp\\htdocs\\sarkod\\app\\Views\\include\\leftmenu.php')
 3 SYSTEMPATH\View\View.php(237): CodeIgniter\View\View->CodeIgniter\View\{closure}()
 4 SYSTEMPATH\Common.php(1171): CodeIgniter\View\View->render('include/leftmenu', [], true)
 5 APPPATH\Views\bilezikListele.php(2): view('include/leftmenu')
 6 SYSTEMPATH\View\View.php(234): include('C:\\xampp\\htdocs\\sarkod\\app\\Views\\bilezikListele.php')
 7 SYSTEMPATH\View\View.php(237): CodeIgniter\View\View->CodeIgniter\View\{closure}()
 8 SYSTEMPATH\Common.php(1171): CodeIgniter\View\View->render('bilezikListele', [], true)
 9 APPPATH\Controllers\BilezikListeleController.php(23): view('bilezikListele', [...])
10 SYSTEMPATH\CodeIgniter.php(933): App\Controllers\BilezikListeleController->index()
11 SYSTEMPATH\CodeIgniter.php(509): CodeIgniter\CodeIgniter->runController(Object(App\Controllers\BilezikListeleController))
12 SYSTEMPATH\CodeIgniter.php(355): CodeIgniter\CodeIgniter->handleRequest(null, Object(Config\Cache), false)
13 SYSTEMPATH\Boot.php(325): CodeIgniter\CodeIgniter->run()
14 SYSTEMPATH\Boot.php(67): CodeIgniter\Boot::runCodeIgniter(Object(CodeIgniter\CodeIgniter))
15 FCPATH\index.php(56): CodeIgniter\Boot::bootWeb(Object(Config\Paths))
CRITICAL - 2025-03-13 15:26:18 --> ErrorException: Undefined array key "yetki"
[Method: GET, Route: bilezikListele]
in APPPATH\Views\include\leftmenu.php on line 37.
 1 APPPATH\Views\include\leftmenu.php(37): CodeIgniter\Debug\Exceptions->errorHandler(2, 'Undefined array key "yetki"', 'C:\\xampp\\htdocs\\sarkod\\app\\Views\\include\\leftmenu.php', 37)
 2 SYSTEMPATH\View\View.php(234): include('C:\\xampp\\htdocs\\sarkod\\app\\Views\\include\\leftmenu.php')
 3 SYSTEMPATH\View\View.php(237): CodeIgniter\View\View->CodeIgniter\View\{closure}()
 4 SYSTEMPATH\Common.php(1171): CodeIgniter\View\View->render('include/leftmenu', [], true)
 5 APPPATH\Views\bilezikListele.php(2): view('include/leftmenu')
 6 SYSTEMPATH\View\View.php(234): include('C:\\xampp\\htdocs\\sarkod\\app\\Views\\bilezikListele.php')
 7 SYSTEMPATH\View\View.php(237): CodeIgniter\View\View->CodeIgniter\View\{closure}()
 8 SYSTEMPATH\Common.php(1171): CodeIgniter\View\View->render('bilezikListele', [], true)
 9 APPPATH\Controllers\BilezikListeleController.php(23): view('bilezikListele', [...])
10 SYSTEMPATH\CodeIgniter.php(933): App\Controllers\BilezikListeleController->index()
11 SYSTEMPATH\CodeIgniter.php(509): CodeIgniter\CodeIgniter->runController(Object(App\Controllers\BilezikListeleController))
12 SYSTEMPATH\CodeIgniter.php(355): CodeIgniter\CodeIgniter->handleRequest(null, Object(Config\Cache), false)
13 SYSTEMPATH\Boot.php(325): CodeIgniter\CodeIgniter->run()
14 SYSTEMPATH\Boot.php(67): CodeIgniter\Boot::runCodeIgniter(Object(CodeIgniter\CodeIgniter))
15 FCPATH\index.php(56): CodeIgniter\Boot::bootWeb(Object(Config\Paths))
CRITICAL - 2025-03-13 15:26:18 --> ErrorException: Undefined array key "yetki"
[Method: GET, Route: bilezikListele]
in APPPATH\Views\include\leftmenu.php on line 37.
 1 APPPATH\Views\include\leftmenu.php(37): CodeIgniter\Debug\Exceptions->errorHandler(2, 'Undefined array key "yetki"', 'C:\\xampp\\htdocs\\sarkod\\app\\Views\\include\\leftmenu.php', 37)
 2 SYSTEMPATH\View\View.php(234): include('C:\\xampp\\htdocs\\sarkod\\app\\Views\\include\\leftmenu.php')
 3 SYSTEMPATH\View\View.php(237): CodeIgniter\View\View->CodeIgniter\View\{closure}()
 4 SYSTEMPATH\Common.php(1171): CodeIgniter\View\View->render('include/leftmenu', [], true)
 5 APPPATH\Views\bilezikListele.php(2): view('include/leftmenu')
 6 SYSTEMPATH\View\View.php(234): include('C:\\xampp\\htdocs\\sarkod\\app\\Views\\bilezikListele.php')
 7 SYSTEMPATH\View\View.php(237): CodeIgniter\View\View->CodeIgniter\View\{closure}()
 8 SYSTEMPATH\Common.php(1171): CodeIgniter\View\View->render('bilezikListele', [], true)
 9 APPPATH\Controllers\BilezikListeleController.php(23): view('bilezikListele', [...])
10 SYSTEMPATH\CodeIgniter.php(933): App\Controllers\BilezikListeleController->index()
11 SYSTEMPATH\CodeIgniter.php(509): CodeIgniter\CodeIgniter->runController(Object(App\Controllers\BilezikListeleController))
12 SYSTEMPATH\CodeIgniter.php(355): CodeIgniter\CodeIgniter->handleRequest(null, Object(Config\Cache), false)
13 SYSTEMPATH\Boot.php(325): CodeIgniter\CodeIgniter->run()
14 SYSTEMPATH\Boot.php(67): CodeIgniter\Boot::runCodeIgniter(Object(CodeIgniter\CodeIgniter))
15 FCPATH\index.php(56): CodeIgniter\Boot::bootWeb(Object(Config\Paths))
CRITICAL - 2025-03-13 15:26:19 --> ErrorException: Undefined array key "yetki"
[Method: GET, Route: bilezikListele]
in APPPATH\Views\include\leftmenu.php on line 37.
 1 APPPATH\Views\include\leftmenu.php(37): CodeIgniter\Debug\Exceptions->errorHandler(2, 'Undefined array key "yetki"', 'C:\\xampp\\htdocs\\sarkod\\app\\Views\\include\\leftmenu.php', 37)
 2 SYSTEMPATH\View\View.php(234): include('C:\\xampp\\htdocs\\sarkod\\app\\Views\\include\\leftmenu.php')
 3 SYSTEMPATH\View\View.php(237): CodeIgniter\View\View->CodeIgniter\View\{closure}()
 4 SYSTEMPATH\Common.php(1171): CodeIgniter\View\View->render('include/leftmenu', [], true)
 5 APPPATH\Views\bilezikListele.php(2): view('include/leftmenu')
 6 SYSTEMPATH\View\View.php(234): include('C:\\xampp\\htdocs\\sarkod\\app\\Views\\bilezikListele.php')
 7 SYSTEMPATH\View\View.php(237): CodeIgniter\View\View->CodeIgniter\View\{closure}()
 8 SYSTEMPATH\Common.php(1171): CodeIgniter\View\View->render('bilezikListele', [], true)
 9 APPPATH\Controllers\BilezikListeleController.php(23): view('bilezikListele', [...])
10 SYSTEMPATH\CodeIgniter.php(933): App\Controllers\BilezikListeleController->index()
11 SYSTEMPATH\CodeIgniter.php(509): CodeIgniter\CodeIgniter->runController(Object(App\Controllers\BilezikListeleController))
12 SYSTEMPATH\CodeIgniter.php(355): CodeIgniter\CodeIgniter->handleRequest(null, Object(Config\Cache), false)
13 SYSTEMPATH\Boot.php(325): CodeIgniter\CodeIgniter->run()
14 SYSTEMPATH\Boot.php(67): CodeIgniter\Boot::runCodeIgniter(Object(CodeIgniter\CodeIgniter))
15 FCPATH\index.php(56): CodeIgniter\Boot::bootWeb(Object(Config\Paths))
CRITICAL - 2025-03-13 15:26:20 --> ErrorException: Undefined array key "yetki"
[Method: GET, Route: bilezikListele]
in APPPATH\Views\include\leftmenu.php on line 37.
 1 APPPATH\Views\include\leftmenu.php(37): CodeIgniter\Debug\Exceptions->errorHandler(2, 'Undefined array key "yetki"', 'C:\\xampp\\htdocs\\sarkod\\app\\Views\\include\\leftmenu.php', 37)
 2 SYSTEMPATH\View\View.php(234): include('C:\\xampp\\htdocs\\sarkod\\app\\Views\\include\\leftmenu.php')
 3 SYSTEMPATH\View\View.php(237): CodeIgniter\View\View->CodeIgniter\View\{closure}()
 4 SYSTEMPATH\Common.php(1171): CodeIgniter\View\View->render('include/leftmenu', [], true)
 5 APPPATH\Views\bilezikListele.php(2): view('include/leftmenu')
 6 SYSTEMPATH\View\View.php(234): include('C:\\xampp\\htdocs\\sarkod\\app\\Views\\bilezikListele.php')
 7 SYSTEMPATH\View\View.php(237): CodeIgniter\View\View->CodeIgniter\View\{closure}()
 8 SYSTEMPATH\Common.php(1171): CodeIgniter\View\View->render('bilezikListele', [], true)
 9 APPPATH\Controllers\BilezikListeleController.php(23): view('bilezikListele', [...])
10 SYSTEMPATH\CodeIgniter.php(933): App\Controllers\BilezikListeleController->index()
11 SYSTEMPATH\CodeIgniter.php(509): CodeIgniter\CodeIgniter->runController(Object(App\Controllers\BilezikListeleController))
12 SYSTEMPATH\CodeIgniter.php(355): CodeIgniter\CodeIgniter->handleRequest(null, Object(Config\Cache), false)
13 SYSTEMPATH\Boot.php(325): CodeIgniter\CodeIgniter->run()
14 SYSTEMPATH\Boot.php(67): CodeIgniter\Boot::runCodeIgniter(Object(CodeIgniter\CodeIgniter))
15 FCPATH\index.php(56): CodeIgniter\Boot::bootWeb(Object(Config\Paths))
CRITICAL - 2025-03-13 15:26:21 --> ErrorException: Undefined array key "yetki"
[Method: GET, Route: bilezikListele]
in APPPATH\Views\include\leftmenu.php on line 37.
 1 APPPATH\Views\include\leftmenu.php(37): CodeIgniter\Debug\Exceptions->errorHandler(2, 'Undefined array key "yetki"', 'C:\\xampp\\htdocs\\sarkod\\app\\Views\\include\\leftmenu.php', 37)
 2 SYSTEMPATH\View\View.php(234): include('C:\\xampp\\htdocs\\sarkod\\app\\Views\\include\\leftmenu.php')
 3 SYSTEMPATH\View\View.php(237): CodeIgniter\View\View->CodeIgniter\View\{closure}()
 4 SYSTEMPATH\Common.php(1171): CodeIgniter\View\View->render('include/leftmenu', [], true)
 5 APPPATH\Views\bilezikListele.php(2): view('include/leftmenu')
 6 SYSTEMPATH\View\View.php(234): include('C:\\xampp\\htdocs\\sarkod\\app\\Views\\bilezikListele.php')
 7 SYSTEMPATH\View\View.php(237): CodeIgniter\View\View->CodeIgniter\View\{closure}()
 8 SYSTEMPATH\Common.php(1171): CodeIgniter\View\View->render('bilezikListele', [], true)
 9 APPPATH\Controllers\BilezikListeleController.php(23): view('bilezikListele', [...])
10 SYSTEMPATH\CodeIgniter.php(933): App\Controllers\BilezikListeleController->index()
11 SYSTEMPATH\CodeIgniter.php(509): CodeIgniter\CodeIgniter->runController(Object(App\Controllers\BilezikListeleController))
12 SYSTEMPATH\CodeIgniter.php(355): CodeIgniter\CodeIgniter->handleRequest(null, Object(Config\Cache), false)
13 SYSTEMPATH\Boot.php(325): CodeIgniter\CodeIgniter->run()
14 SYSTEMPATH\Boot.php(67): CodeIgniter\Boot::runCodeIgniter(Object(CodeIgniter\CodeIgniter))
15 FCPATH\index.php(56): CodeIgniter\Boot::bootWeb(Object(Config\Paths))
CRITICAL - 2025-03-13 15:26:21 --> ErrorException: Undefined array key "yetki"
[Method: GET, Route: bilezikListele]
in APPPATH\Views\include\leftmenu.php on line 37.
 1 APPPATH\Views\include\leftmenu.php(37): CodeIgniter\Debug\Exceptions->errorHandler(2, 'Undefined array key "yetki"', 'C:\\xampp\\htdocs\\sarkod\\app\\Views\\include\\leftmenu.php', 37)
 2 SYSTEMPATH\View\View.php(234): include('C:\\xampp\\htdocs\\sarkod\\app\\Views\\include\\leftmenu.php')
 3 SYSTEMPATH\View\View.php(237): CodeIgniter\View\View->CodeIgniter\View\{closure}()
 4 SYSTEMPATH\Common.php(1171): CodeIgniter\View\View->render('include/leftmenu', [], true)
 5 APPPATH\Views\bilezikListele.php(2): view('include/leftmenu')
 6 SYSTEMPATH\View\View.php(234): include('C:\\xampp\\htdocs\\sarkod\\app\\Views\\bilezikListele.php')
 7 SYSTEMPATH\View\View.php(237): CodeIgniter\View\View->CodeIgniter\View\{closure}()
 8 SYSTEMPATH\Common.php(1171): CodeIgniter\View\View->render('bilezikListele', [], true)
 9 APPPATH\Controllers\BilezikListeleController.php(23): view('bilezikListele', [...])
10 SYSTEMPATH\CodeIgniter.php(933): App\Controllers\BilezikListeleController->index()
11 SYSTEMPATH\CodeIgniter.php(509): CodeIgniter\CodeIgniter->runController(Object(App\Controllers\BilezikListeleController))
12 SYSTEMPATH\CodeIgniter.php(355): CodeIgniter\CodeIgniter->handleRequest(null, Object(Config\Cache), false)
13 SYSTEMPATH\Boot.php(325): CodeIgniter\CodeIgniter->run()
14 SYSTEMPATH\Boot.php(67): CodeIgniter\Boot::runCodeIgniter(Object(CodeIgniter\CodeIgniter))
15 FCPATH\index.php(56): CodeIgniter\Boot::bootWeb(Object(Config\Paths))
CRITICAL - 2025-03-13 15:28:15 --> ErrorException: Undefined array key "yetki"
[Method: GET, Route: bilezikListele]
in APPPATH\Views\include\leftmenu.php on line 37.
 1 APPPATH\Views\include\leftmenu.php(37): CodeIgniter\Debug\Exceptions->errorHandler(2, 'Undefined array key "yetki"', 'C:\\xampp\\htdocs\\sarkod\\app\\Views\\include\\leftmenu.php', 37)
 2 SYSTEMPATH\View\View.php(234): include('C:\\xampp\\htdocs\\sarkod\\app\\Views\\include\\leftmenu.php')
 3 SYSTEMPATH\View\View.php(237): CodeIgniter\View\View->CodeIgniter\View\{closure}()
 4 SYSTEMPATH\Common.php(1171): CodeIgniter\View\View->render('include/leftmenu', [], true)
 5 APPPATH\Views\bilezikListele.php(102): view('include/leftmenu')
 6 SYSTEMPATH\View\View.php(234): include('C:\\xampp\\htdocs\\sarkod\\app\\Views\\bilezikListele.php')
 7 SYSTEMPATH\View\View.php(237): CodeIgniter\View\View->CodeIgniter\View\{closure}()
 8 SYSTEMPATH\Common.php(1171): CodeIgniter\View\View->render('bilezikListele', [], true)
 9 APPPATH\Controllers\BilezikListeleController.php(23): view('bilezikListele', [...])
10 SYSTEMPATH\CodeIgniter.php(933): App\Controllers\BilezikListeleController->index()
11 SYSTEMPATH\CodeIgniter.php(509): CodeIgniter\CodeIgniter->runController(Object(App\Controllers\BilezikListeleController))
12 SYSTEMPATH\CodeIgniter.php(355): CodeIgniter\CodeIgniter->handleRequest(null, Object(Config\Cache), false)
13 SYSTEMPATH\Boot.php(325): CodeIgniter\CodeIgniter->run()
14 SYSTEMPATH\Boot.php(67): CodeIgniter\Boot::runCodeIgniter(Object(CodeIgniter\CodeIgniter))
15 FCPATH\index.php(56): CodeIgniter\Boot::bootWeb(Object(Config\Paths))
CRITICAL - 2025-03-13 15:28:16 --> ErrorException: Undefined array key "yetki"
[Method: GET, Route: bilezikListele]
in APPPATH\Views\include\leftmenu.php on line 37.
 1 APPPATH\Views\include\leftmenu.php(37): CodeIgniter\Debug\Exceptions->errorHandler(2, 'Undefined array key "yetki"', 'C:\\xampp\\htdocs\\sarkod\\app\\Views\\include\\leftmenu.php', 37)
 2 SYSTEMPATH\View\View.php(234): include('C:\\xampp\\htdocs\\sarkod\\app\\Views\\include\\leftmenu.php')
 3 SYSTEMPATH\View\View.php(237): CodeIgniter\View\View->CodeIgniter\View\{closure}()
 4 SYSTEMPATH\Common.php(1171): CodeIgniter\View\View->render('include/leftmenu', [], true)
 5 APPPATH\Views\bilezikListele.php(102): view('include/leftmenu')
 6 SYSTEMPATH\View\View.php(234): include('C:\\xampp\\htdocs\\sarkod\\app\\Views\\bilezikListele.php')
 7 SYSTEMPATH\View\View.php(237): CodeIgniter\View\View->CodeIgniter\View\{closure}()
 8 SYSTEMPATH\Common.php(1171): CodeIgniter\View\View->render('bilezikListele', [], true)
 9 APPPATH\Controllers\BilezikListeleController.php(23): view('bilezikListele', [...])
10 SYSTEMPATH\CodeIgniter.php(933): App\Controllers\BilezikListeleController->index()
11 SYSTEMPATH\CodeIgniter.php(509): CodeIgniter\CodeIgniter->runController(Object(App\Controllers\BilezikListeleController))
12 SYSTEMPATH\CodeIgniter.php(355): CodeIgniter\CodeIgniter->handleRequest(null, Object(Config\Cache), false)
13 SYSTEMPATH\Boot.php(325): CodeIgniter\CodeIgniter->run()
14 SYSTEMPATH\Boot.php(67): CodeIgniter\Boot::runCodeIgniter(Object(CodeIgniter\CodeIgniter))
15 FCPATH\index.php(56): CodeIgniter\Boot::bootWeb(Object(Config\Paths))
CRITICAL - 2025-03-13 15:28:16 --> ErrorException: Undefined array key "yetki"
[Method: GET, Route: bilezikListele]
in APPPATH\Views\include\leftmenu.php on line 37.
 1 APPPATH\Views\include\leftmenu.php(37): CodeIgniter\Debug\Exceptions->errorHandler(2, 'Undefined array key "yetki"', 'C:\\xampp\\htdocs\\sarkod\\app\\Views\\include\\leftmenu.php', 37)
 2 SYSTEMPATH\View\View.php(234): include('C:\\xampp\\htdocs\\sarkod\\app\\Views\\include\\leftmenu.php')
 3 SYSTEMPATH\View\View.php(237): CodeIgniter\View\View->CodeIgniter\View\{closure}()
 4 SYSTEMPATH\Common.php(1171): CodeIgniter\View\View->render('include/leftmenu', [], true)
 5 APPPATH\Views\bilezikListele.php(102): view('include/leftmenu')
 6 SYSTEMPATH\View\View.php(234): include('C:\\xampp\\htdocs\\sarkod\\app\\Views\\bilezikListele.php')
 7 SYSTEMPATH\View\View.php(237): CodeIgniter\View\View->CodeIgniter\View\{closure}()
 8 SYSTEMPATH\Common.php(1171): CodeIgniter\View\View->render('bilezikListele', [], true)
 9 APPPATH\Controllers\BilezikListeleController.php(23): view('bilezikListele', [...])
10 SYSTEMPATH\CodeIgniter.php(933): App\Controllers\BilezikListeleController->index()
11 SYSTEMPATH\CodeIgniter.php(509): CodeIgniter\CodeIgniter->runController(Object(App\Controllers\BilezikListeleController))
12 SYSTEMPATH\CodeIgniter.php(355): CodeIgniter\CodeIgniter->handleRequest(null, Object(Config\Cache), false)
13 SYSTEMPATH\Boot.php(325): CodeIgniter\CodeIgniter->run()
14 SYSTEMPATH\Boot.php(67): CodeIgniter\Boot::runCodeIgniter(Object(CodeIgniter\CodeIgniter))
15 FCPATH\index.php(56): CodeIgniter\Boot::bootWeb(Object(Config\Paths))
CRITICAL - 2025-03-13 15:28:16 --> ErrorException: Undefined array key "yetki"
[Method: GET, Route: bilezikListele]
in APPPATH\Views\include\leftmenu.php on line 37.
 1 APPPATH\Views\include\leftmenu.php(37): CodeIgniter\Debug\Exceptions->errorHandler(2, 'Undefined array key "yetki"', 'C:\\xampp\\htdocs\\sarkod\\app\\Views\\include\\leftmenu.php', 37)
 2 SYSTEMPATH\View\View.php(234): include('C:\\xampp\\htdocs\\sarkod\\app\\Views\\include\\leftmenu.php')
 3 SYSTEMPATH\View\View.php(237): CodeIgniter\View\View->CodeIgniter\View\{closure}()
 4 SYSTEMPATH\Common.php(1171): CodeIgniter\View\View->render('include/leftmenu', [], true)
 5 APPPATH\Views\bilezikListele.php(102): view('include/leftmenu')
 6 SYSTEMPATH\View\View.php(234): include('C:\\xampp\\htdocs\\sarkod\\app\\Views\\bilezikListele.php')
 7 SYSTEMPATH\View\View.php(237): CodeIgniter\View\View->CodeIgniter\View\{closure}()
 8 SYSTEMPATH\Common.php(1171): CodeIgniter\View\View->render('bilezikListele', [], true)
 9 APPPATH\Controllers\BilezikListeleController.php(23): view('bilezikListele', [...])
10 SYSTEMPATH\CodeIgniter.php(933): App\Controllers\BilezikListeleController->index()
11 SYSTEMPATH\CodeIgniter.php(509): CodeIgniter\CodeIgniter->runController(Object(App\Controllers\BilezikListeleController))
12 SYSTEMPATH\CodeIgniter.php(355): CodeIgniter\CodeIgniter->handleRequest(null, Object(Config\Cache), false)
13 SYSTEMPATH\Boot.php(325): CodeIgniter\CodeIgniter->run()
14 SYSTEMPATH\Boot.php(67): CodeIgniter\Boot::runCodeIgniter(Object(CodeIgniter\CodeIgniter))
15 FCPATH\index.php(56): CodeIgniter\Boot::bootWeb(Object(Config\Paths))
CRITICAL - 2025-03-13 15:28:17 --> ErrorException: Undefined array key "yetki"
[Method: GET, Route: bilezikListele]
in APPPATH\Views\include\leftmenu.php on line 37.
 1 APPPATH\Views\include\leftmenu.php(37): CodeIgniter\Debug\Exceptions->errorHandler(2, 'Undefined array key "yetki"', 'C:\\xampp\\htdocs\\sarkod\\app\\Views\\include\\leftmenu.php', 37)
 2 SYSTEMPATH\View\View.php(234): include('C:\\xampp\\htdocs\\sarkod\\app\\Views\\include\\leftmenu.php')
 3 SYSTEMPATH\View\View.php(237): CodeIgniter\View\View->CodeIgniter\View\{closure}()
 4 SYSTEMPATH\Common.php(1171): CodeIgniter\View\View->render('include/leftmenu', [], true)
 5 APPPATH\Views\bilezikListele.php(102): view('include/leftmenu')
 6 SYSTEMPATH\View\View.php(234): include('C:\\xampp\\htdocs\\sarkod\\app\\Views\\bilezikListele.php')
 7 SYSTEMPATH\View\View.php(237): CodeIgniter\View\View->CodeIgniter\View\{closure}()
 8 SYSTEMPATH\Common.php(1171): CodeIgniter\View\View->render('bilezikListele', [], true)
 9 APPPATH\Controllers\BilezikListeleController.php(23): view('bilezikListele', [...])
10 SYSTEMPATH\CodeIgniter.php(933): App\Controllers\BilezikListeleController->index()
11 SYSTEMPATH\CodeIgniter.php(509): CodeIgniter\CodeIgniter->runController(Object(App\Controllers\BilezikListeleController))
12 SYSTEMPATH\CodeIgniter.php(355): CodeIgniter\CodeIgniter->handleRequest(null, Object(Config\Cache), false)
13 SYSTEMPATH\Boot.php(325): CodeIgniter\CodeIgniter->run()
14 SYSTEMPATH\Boot.php(67): CodeIgniter\Boot::runCodeIgniter(Object(CodeIgniter\CodeIgniter))
15 FCPATH\index.php(56): CodeIgniter\Boot::bootWeb(Object(Config\Paths))
CRITICAL - 2025-03-13 15:28:18 --> ErrorException: Undefined array key "yetki"
[Method: GET, Route: bilezikListele]
in APPPATH\Views\include\leftmenu.php on line 37.
 1 APPPATH\Views\include\leftmenu.php(37): CodeIgniter\Debug\Exceptions->errorHandler(2, 'Undefined array key "yetki"', 'C:\\xampp\\htdocs\\sarkod\\app\\Views\\include\\leftmenu.php', 37)
 2 SYSTEMPATH\View\View.php(234): include('C:\\xampp\\htdocs\\sarkod\\app\\Views\\include\\leftmenu.php')
 3 SYSTEMPATH\View\View.php(237): CodeIgniter\View\View->CodeIgniter\View\{closure}()
 4 SYSTEMPATH\Common.php(1171): CodeIgniter\View\View->render('include/leftmenu', [], true)
 5 APPPATH\Views\bilezikListele.php(102): view('include/leftmenu')
 6 SYSTEMPATH\View\View.php(234): include('C:\\xampp\\htdocs\\sarkod\\app\\Views\\bilezikListele.php')
 7 SYSTEMPATH\View\View.php(237): CodeIgniter\View\View->CodeIgniter\View\{closure}()
 8 SYSTEMPATH\Common.php(1171): CodeIgniter\View\View->render('bilezikListele', [], true)
 9 APPPATH\Controllers\BilezikListeleController.php(23): view('bilezikListele', [...])
10 SYSTEMPATH\CodeIgniter.php(933): App\Controllers\BilezikListeleController->index()
11 SYSTEMPATH\CodeIgniter.php(509): CodeIgniter\CodeIgniter->runController(Object(App\Controllers\BilezikListeleController))
12 SYSTEMPATH\CodeIgniter.php(355): CodeIgniter\CodeIgniter->handleRequest(null, Object(Config\Cache), false)
13 SYSTEMPATH\Boot.php(325): CodeIgniter\CodeIgniter->run()
14 SYSTEMPATH\Boot.php(67): CodeIgniter\Boot::runCodeIgniter(Object(CodeIgniter\CodeIgniter))
15 FCPATH\index.php(56): CodeIgniter\Boot::bootWeb(Object(Config\Paths))
CRITICAL - 2025-03-13 15:28:19 --> ErrorException: Undefined array key "yetki"
[Method: GET, Route: bilezikListele]
in APPPATH\Views\include\leftmenu.php on line 37.
 1 APPPATH\Views\include\leftmenu.php(37): CodeIgniter\Debug\Exceptions->errorHandler(2, 'Undefined array key "yetki"', 'C:\\xampp\\htdocs\\sarkod\\app\\Views\\include\\leftmenu.php', 37)
 2 SYSTEMPATH\View\View.php(234): include('C:\\xampp\\htdocs\\sarkod\\app\\Views\\include\\leftmenu.php')
 3 SYSTEMPATH\View\View.php(237): CodeIgniter\View\View->CodeIgniter\View\{closure}()
 4 SYSTEMPATH\Common.php(1171): CodeIgniter\View\View->render('include/leftmenu', [], true)
 5 APPPATH\Views\bilezikListele.php(102): view('include/leftmenu')
 6 SYSTEMPATH\View\View.php(234): include('C:\\xampp\\htdocs\\sarkod\\app\\Views\\bilezikListele.php')
 7 SYSTEMPATH\View\View.php(237): CodeIgniter\View\View->CodeIgniter\View\{closure}()
 8 SYSTEMPATH\Common.php(1171): CodeIgniter\View\View->render('bilezikListele', [], true)
 9 APPPATH\Controllers\BilezikListeleController.php(23): view('bilezikListele', [...])
10 SYSTEMPATH\CodeIgniter.php(933): App\Controllers\BilezikListeleController->index()
11 SYSTEMPATH\CodeIgniter.php(509): CodeIgniter\CodeIgniter->runController(Object(App\Controllers\BilezikListeleController))
12 SYSTEMPATH\CodeIgniter.php(355): CodeIgniter\CodeIgniter->handleRequest(null, Object(Config\Cache), false)
13 SYSTEMPATH\Boot.php(325): CodeIgniter\CodeIgniter->run()
14 SYSTEMPATH\Boot.php(67): CodeIgniter\Boot::runCodeIgniter(Object(CodeIgniter\CodeIgniter))
15 FCPATH\index.php(56): CodeIgniter\Boot::bootWeb(Object(Config\Paths))
CRITICAL - 2025-03-13 15:28:19 --> ErrorException: Undefined array key "yetki"
[Method: GET, Route: bilezikListele]
in APPPATH\Views\include\leftmenu.php on line 37.
 1 APPPATH\Views\include\leftmenu.php(37): CodeIgniter\Debug\Exceptions->errorHandler(2, 'Undefined array key "yetki"', 'C:\\xampp\\htdocs\\sarkod\\app\\Views\\include\\leftmenu.php', 37)
 2 SYSTEMPATH\View\View.php(234): include('C:\\xampp\\htdocs\\sarkod\\app\\Views\\include\\leftmenu.php')
 3 SYSTEMPATH\View\View.php(237): CodeIgniter\View\View->CodeIgniter\View\{closure}()
 4 SYSTEMPATH\Common.php(1171): CodeIgniter\View\View->render('include/leftmenu', [], true)
 5 APPPATH\Views\bilezikListele.php(102): view('include/leftmenu')
 6 SYSTEMPATH\View\View.php(234): include('C:\\xampp\\htdocs\\sarkod\\app\\Views\\bilezikListele.php')
 7 SYSTEMPATH\View\View.php(237): CodeIgniter\View\View->CodeIgniter\View\{closure}()
 8 SYSTEMPATH\Common.php(1171): CodeIgniter\View\View->render('bilezikListele', [], true)
 9 APPPATH\Controllers\BilezikListeleController.php(23): view('bilezikListele', [...])
10 SYSTEMPATH\CodeIgniter.php(933): App\Controllers\BilezikListeleController->index()
11 SYSTEMPATH\CodeIgniter.php(509): CodeIgniter\CodeIgniter->runController(Object(App\Controllers\BilezikListeleController))
12 SYSTEMPATH\CodeIgniter.php(355): CodeIgniter\CodeIgniter->handleRequest(null, Object(Config\Cache), false)
13 SYSTEMPATH\Boot.php(325): CodeIgniter\CodeIgniter->run()
14 SYSTEMPATH\Boot.php(67): CodeIgniter\Boot::runCodeIgniter(Object(CodeIgniter\CodeIgniter))
15 FCPATH\index.php(56): CodeIgniter\Boot::bootWeb(Object(Config\Paths))
CRITICAL - 2025-03-13 15:28:20 --> ErrorException: Undefined array key "yetki"
[Method: GET, Route: bilezikListele]
in APPPATH\Views\include\leftmenu.php on line 37.
 1 APPPATH\Views\include\leftmenu.php(37): CodeIgniter\Debug\Exceptions->errorHandler(2, 'Undefined array key "yetki"', 'C:\\xampp\\htdocs\\sarkod\\app\\Views\\include\\leftmenu.php', 37)
 2 SYSTEMPATH\View\View.php(234): include('C:\\xampp\\htdocs\\sarkod\\app\\Views\\include\\leftmenu.php')
 3 SYSTEMPATH\View\View.php(237): CodeIgniter\View\View->CodeIgniter\View\{closure}()
 4 SYSTEMPATH\Common.php(1171): CodeIgniter\View\View->render('include/leftmenu', [], true)
 5 APPPATH\Views\bilezikListele.php(102): view('include/leftmenu')
 6 SYSTEMPATH\View\View.php(234): include('C:\\xampp\\htdocs\\sarkod\\app\\Views\\bilezikListele.php')
 7 SYSTEMPATH\View\View.php(237): CodeIgniter\View\View->CodeIgniter\View\{closure}()
 8 SYSTEMPATH\Common.php(1171): CodeIgniter\View\View->render('bilezikListele', [], true)
 9 APPPATH\Controllers\BilezikListeleController.php(23): view('bilezikListele', [...])
10 SYSTEMPATH\CodeIgniter.php(933): App\Controllers\BilezikListeleController->index()
11 SYSTEMPATH\CodeIgniter.php(509): CodeIgniter\CodeIgniter->runController(Object(App\Controllers\BilezikListeleController))
12 SYSTEMPATH\CodeIgniter.php(355): CodeIgniter\CodeIgniter->handleRequest(null, Object(Config\Cache), false)
13 SYSTEMPATH\Boot.php(325): CodeIgniter\CodeIgniter->run()
14 SYSTEMPATH\Boot.php(67): CodeIgniter\Boot::runCodeIgniter(Object(CodeIgniter\CodeIgniter))
15 FCPATH\index.php(56): CodeIgniter\Boot::bootWeb(Object(Config\Paths))
CRITICAL - 2025-03-13 15:28:21 --> ErrorException: Undefined array key "yetki"
[Method: GET, Route: bilezikListele]
in APPPATH\Views\include\leftmenu.php on line 37.
 1 APPPATH\Views\include\leftmenu.php(37): CodeIgniter\Debug\Exceptions->errorHandler(2, 'Undefined array key "yetki"', 'C:\\xampp\\htdocs\\sarkod\\app\\Views\\include\\leftmenu.php', 37)
 2 SYSTEMPATH\View\View.php(234): include('C:\\xampp\\htdocs\\sarkod\\app\\Views\\include\\leftmenu.php')
 3 SYSTEMPATH\View\View.php(237): CodeIgniter\View\View->CodeIgniter\View\{closure}()
 4 SYSTEMPATH\Common.php(1171): CodeIgniter\View\View->render('include/leftmenu', [], true)
 5 APPPATH\Views\bilezikListele.php(102): view('include/leftmenu')
 6 SYSTEMPATH\View\View.php(234): include('C:\\xampp\\htdocs\\sarkod\\app\\Views\\bilezikListele.php')
 7 SYSTEMPATH\View\View.php(237): CodeIgniter\View\View->CodeIgniter\View\{closure}()
 8 SYSTEMPATH\Common.php(1171): CodeIgniter\View\View->render('bilezikListele', [], true)
 9 APPPATH\Controllers\BilezikListeleController.php(23): view('bilezikListele', [...])
10 SYSTEMPATH\CodeIgniter.php(933): App\Controllers\BilezikListeleController->index()
11 SYSTEMPATH\CodeIgniter.php(509): CodeIgniter\CodeIgniter->runController(Object(App\Controllers\BilezikListeleController))
12 SYSTEMPATH\CodeIgniter.php(355): CodeIgniter\CodeIgniter->handleRequest(null, Object(Config\Cache), false)
13 SYSTEMPATH\Boot.php(325): CodeIgniter\CodeIgniter->run()
14 SYSTEMPATH\Boot.php(67): CodeIgniter\Boot::runCodeIgniter(Object(CodeIgniter\CodeIgniter))
15 FCPATH\index.php(56): CodeIgniter\Boot::bootWeb(Object(Config\Paths))
CRITICAL - 2025-03-13 15:28:21 --> ErrorException: Undefined array key "yetki"
[Method: GET, Route: bilezikListele]
in APPPATH\Views\include\leftmenu.php on line 37.
 1 APPPATH\Views\include\leftmenu.php(37): CodeIgniter\Debug\Exceptions->errorHandler(2, 'Undefined array key "yetki"', 'C:\\xampp\\htdocs\\sarkod\\app\\Views\\include\\leftmenu.php', 37)
 2 SYSTEMPATH\View\View.php(234): include('C:\\xampp\\htdocs\\sarkod\\app\\Views\\include\\leftmenu.php')
 3 SYSTEMPATH\View\View.php(237): CodeIgniter\View\View->CodeIgniter\View\{closure}()
 4 SYSTEMPATH\Common.php(1171): CodeIgniter\View\View->render('include/leftmenu', [], true)
 5 APPPATH\Views\bilezikListele.php(102): view('include/leftmenu')
 6 SYSTEMPATH\View\View.php(234): include('C:\\xampp\\htdocs\\sarkod\\app\\Views\\bilezikListele.php')
 7 SYSTEMPATH\View\View.php(237): CodeIgniter\View\View->CodeIgniter\View\{closure}()
 8 SYSTEMPATH\Common.php(1171): CodeIgniter\View\View->render('bilezikListele', [], true)
 9 APPPATH\Controllers\BilezikListeleController.php(23): view('bilezikListele', [...])
10 SYSTEMPATH\CodeIgniter.php(933): App\Controllers\BilezikListeleController->index()
11 SYSTEMPATH\CodeIgniter.php(509): CodeIgniter\CodeIgniter->runController(Object(App\Controllers\BilezikListeleController))
12 SYSTEMPATH\CodeIgniter.php(355): CodeIgniter\CodeIgniter->handleRequest(null, Object(Config\Cache), false)
13 SYSTEMPATH\Boot.php(325): CodeIgniter\CodeIgniter->run()
14 SYSTEMPATH\Boot.php(67): CodeIgniter\Boot::runCodeIgniter(Object(CodeIgniter\CodeIgniter))
15 FCPATH\index.php(56): CodeIgniter\Boot::bootWeb(Object(Config\Paths))
CRITICAL - 2025-03-13 15:28:21 --> ErrorException: Undefined array key "yetki"
[Method: GET, Route: bilezikListele]
in APPPATH\Views\include\leftmenu.php on line 37.
 1 APPPATH\Views\include\leftmenu.php(37): CodeIgniter\Debug\Exceptions->errorHandler(2, 'Undefined array key "yetki"', 'C:\\xampp\\htdocs\\sarkod\\app\\Views\\include\\leftmenu.php', 37)
 2 SYSTEMPATH\View\View.php(234): include('C:\\xampp\\htdocs\\sarkod\\app\\Views\\include\\leftmenu.php')
 3 SYSTEMPATH\View\View.php(237): CodeIgniter\View\View->CodeIgniter\View\{closure}()
 4 SYSTEMPATH\Common.php(1171): CodeIgniter\View\View->render('include/leftmenu', [], true)
 5 APPPATH\Views\bilezikListele.php(102): view('include/leftmenu')
 6 SYSTEMPATH\View\View.php(234): include('C:\\xampp\\htdocs\\sarkod\\app\\Views\\bilezikListele.php')
 7 SYSTEMPATH\View\View.php(237): CodeIgniter\View\View->CodeIgniter\View\{closure}()
 8 SYSTEMPATH\Common.php(1171): CodeIgniter\View\View->render('bilezikListele', [], true)
 9 APPPATH\Controllers\BilezikListeleController.php(23): view('bilezikListele', [...])
10 SYSTEMPATH\CodeIgniter.php(933): App\Controllers\BilezikListeleController->index()
11 SYSTEMPATH\CodeIgniter.php(509): CodeIgniter\CodeIgniter->runController(Object(App\Controllers\BilezikListeleController))
12 SYSTEMPATH\CodeIgniter.php(355): CodeIgniter\CodeIgniter->handleRequest(null, Object(Config\Cache), false)
13 SYSTEMPATH\Boot.php(325): CodeIgniter\CodeIgniter->run()
14 SYSTEMPATH\Boot.php(67): CodeIgniter\Boot::runCodeIgniter(Object(CodeIgniter\CodeIgniter))
15 FCPATH\index.php(56): CodeIgniter\Boot::bootWeb(Object(Config\Paths))
CRITICAL - 2025-03-13 15:28:22 --> ErrorException: Undefined array key "yetki"
[Method: GET, Route: bilezikListele]
in APPPATH\Views\include\leftmenu.php on line 37.
 1 APPPATH\Views\include\leftmenu.php(37): CodeIgniter\Debug\Exceptions->errorHandler(2, 'Undefined array key "yetki"', 'C:\\xampp\\htdocs\\sarkod\\app\\Views\\include\\leftmenu.php', 37)
 2 SYSTEMPATH\View\View.php(234): include('C:\\xampp\\htdocs\\sarkod\\app\\Views\\include\\leftmenu.php')
 3 SYSTEMPATH\View\View.php(237): CodeIgniter\View\View->CodeIgniter\View\{closure}()
 4 SYSTEMPATH\Common.php(1171): CodeIgniter\View\View->render('include/leftmenu', [], true)
 5 APPPATH\Views\bilezikListele.php(102): view('include/leftmenu')
 6 SYSTEMPATH\View\View.php(234): include('C:\\xampp\\htdocs\\sarkod\\app\\Views\\bilezikListele.php')
 7 SYSTEMPATH\View\View.php(237): CodeIgniter\View\View->CodeIgniter\View\{closure}()
 8 SYSTEMPATH\Common.php(1171): CodeIgniter\View\View->render('bilezikListele', [], true)
 9 APPPATH\Controllers\BilezikListeleController.php(23): view('bilezikListele', [...])
10 SYSTEMPATH\CodeIgniter.php(933): App\Controllers\BilezikListeleController->index()
11 SYSTEMPATH\CodeIgniter.php(509): CodeIgniter\CodeIgniter->runController(Object(App\Controllers\BilezikListeleController))
12 SYSTEMPATH\CodeIgniter.php(355): CodeIgniter\CodeIgniter->handleRequest(null, Object(Config\Cache), false)
13 SYSTEMPATH\Boot.php(325): CodeIgniter\CodeIgniter->run()
14 SYSTEMPATH\Boot.php(67): CodeIgniter\Boot::runCodeIgniter(Object(CodeIgniter\CodeIgniter))
15 FCPATH\index.php(56): CodeIgniter\Boot::bootWeb(Object(Config\Paths))
CRITICAL - 2025-03-13 15:28:23 --> ErrorException: Undefined array key "yetki"
[Method: GET, Route: bilezikListele]
in APPPATH\Views\include\leftmenu.php on line 37.
 1 APPPATH\Views\include\leftmenu.php(37): CodeIgniter\Debug\Exceptions->errorHandler(2, 'Undefined array key "yetki"', 'C:\\xampp\\htdocs\\sarkod\\app\\Views\\include\\leftmenu.php', 37)
 2 SYSTEMPATH\View\View.php(234): include('C:\\xampp\\htdocs\\sarkod\\app\\Views\\include\\leftmenu.php')
 3 SYSTEMPATH\View\View.php(237): CodeIgniter\View\View->CodeIgniter\View\{closure}()
 4 SYSTEMPATH\Common.php(1171): CodeIgniter\View\View->render('include/leftmenu', [], true)
 5 APPPATH\Views\bilezikListele.php(102): view('include/leftmenu')
 6 SYSTEMPATH\View\View.php(234): include('C:\\xampp\\htdocs\\sarkod\\app\\Views\\bilezikListele.php')
 7 SYSTEMPATH\View\View.php(237): CodeIgniter\View\View->CodeIgniter\View\{closure}()
 8 SYSTEMPATH\Common.php(1171): CodeIgniter\View\View->render('bilezikListele', [], true)
 9 APPPATH\Controllers\BilezikListeleController.php(23): view('bilezikListele', [...])
10 SYSTEMPATH\CodeIgniter.php(933): App\Controllers\BilezikListeleController->index()
11 SYSTEMPATH\CodeIgniter.php(509): CodeIgniter\CodeIgniter->runController(Object(App\Controllers\BilezikListeleController))
12 SYSTEMPATH\CodeIgniter.php(355): CodeIgniter\CodeIgniter->handleRequest(null, Object(Config\Cache), false)
13 SYSTEMPATH\Boot.php(325): CodeIgniter\CodeIgniter->run()
14 SYSTEMPATH\Boot.php(67): CodeIgniter\Boot::runCodeIgniter(Object(CodeIgniter\CodeIgniter))
15 FCPATH\index.php(56): CodeIgniter\Boot::bootWeb(Object(Config\Paths))
CRITICAL - 2025-03-13 15:28:24 --> ErrorException: Undefined array key "yetki"
[Method: GET, Route: bilezikListele]
in APPPATH\Views\include\leftmenu.php on line 37.
 1 APPPATH\Views\include\leftmenu.php(37): CodeIgniter\Debug\Exceptions->errorHandler(2, 'Undefined array key "yetki"', 'C:\\xampp\\htdocs\\sarkod\\app\\Views\\include\\leftmenu.php', 37)
 2 SYSTEMPATH\View\View.php(234): include('C:\\xampp\\htdocs\\sarkod\\app\\Views\\include\\leftmenu.php')
 3 SYSTEMPATH\View\View.php(237): CodeIgniter\View\View->CodeIgniter\View\{closure}()
 4 SYSTEMPATH\Common.php(1171): CodeIgniter\View\View->render('include/leftmenu', [], true)
 5 APPPATH\Views\bilezikListele.php(102): view('include/leftmenu')
 6 SYSTEMPATH\View\View.php(234): include('C:\\xampp\\htdocs\\sarkod\\app\\Views\\bilezikListele.php')
 7 SYSTEMPATH\View\View.php(237): CodeIgniter\View\View->CodeIgniter\View\{closure}()
 8 SYSTEMPATH\Common.php(1171): CodeIgniter\View\View->render('bilezikListele', [], true)
 9 APPPATH\Controllers\BilezikListeleController.php(23): view('bilezikListele', [...])
10 SYSTEMPATH\CodeIgniter.php(933): App\Controllers\BilezikListeleController->index()
11 SYSTEMPATH\CodeIgniter.php(509): CodeIgniter\CodeIgniter->runController(Object(App\Controllers\BilezikListeleController))
12 SYSTEMPATH\CodeIgniter.php(355): CodeIgniter\CodeIgniter->handleRequest(null, Object(Config\Cache), false)
13 SYSTEMPATH\Boot.php(325): CodeIgniter\CodeIgniter->run()
14 SYSTEMPATH\Boot.php(67): CodeIgniter\Boot::runCodeIgniter(Object(CodeIgniter\CodeIgniter))
15 FCPATH\index.php(56): CodeIgniter\Boot::bootWeb(Object(Config\Paths))
CRITICAL - 2025-03-13 15:28:36 --> ErrorException: Undefined array key "yetki"
[Method: GET, Route: bilezikListele]
in APPPATH\Views\include\leftmenu.php on line 37.
 1 APPPATH\Views\include\leftmenu.php(37): CodeIgniter\Debug\Exceptions->errorHandler(2, 'Undefined array key "yetki"', 'C:\\xampp\\htdocs\\sarkod\\app\\Views\\include\\leftmenu.php', 37)
 2 SYSTEMPATH\View\View.php(234): include('C:\\xampp\\htdocs\\sarkod\\app\\Views\\include\\leftmenu.php')
 3 SYSTEMPATH\View\View.php(237): CodeIgniter\View\View->CodeIgniter\View\{closure}()
 4 SYSTEMPATH\Common.php(1171): CodeIgniter\View\View->render('include/leftmenu', [], true)
 5 APPPATH\Views\bilezikListele.php(102): view('include/leftmenu')
 6 SYSTEMPATH\View\View.php(234): include('C:\\xampp\\htdocs\\sarkod\\app\\Views\\bilezikListele.php')
 7 SYSTEMPATH\View\View.php(237): CodeIgniter\View\View->CodeIgniter\View\{closure}()
 8 SYSTEMPATH\Common.php(1171): CodeIgniter\View\View->render('bilezikListele', [], true)
 9 APPPATH\Controllers\BilezikListeleController.php(23): view('bilezikListele', [...])
10 SYSTEMPATH\CodeIgniter.php(933): App\Controllers\BilezikListeleController->index()
11 SYSTEMPATH\CodeIgniter.php(509): CodeIgniter\CodeIgniter->runController(Object(App\Controllers\BilezikListeleController))
12 SYSTEMPATH\CodeIgniter.php(355): CodeIgniter\CodeIgniter->handleRequest(null, Object(Config\Cache), false)
13 SYSTEMPATH\Boot.php(325): CodeIgniter\CodeIgniter->run()
14 SYSTEMPATH\Boot.php(67): CodeIgniter\Boot::runCodeIgniter(Object(CodeIgniter\CodeIgniter))
15 FCPATH\index.php(56): CodeIgniter\Boot::bootWeb(Object(Config\Paths))
CRITICAL - 2025-03-13 15:28:36 --> ErrorException: Undefined array key "yetki"
[Method: GET, Route: bilezikListele]
in APPPATH\Views\include\leftmenu.php on line 37.
 1 APPPATH\Views\include\leftmenu.php(37): CodeIgniter\Debug\Exceptions->errorHandler(2, 'Undefined array key "yetki"', 'C:\\xampp\\htdocs\\sarkod\\app\\Views\\include\\leftmenu.php', 37)
 2 SYSTEMPATH\View\View.php(234): include('C:\\xampp\\htdocs\\sarkod\\app\\Views\\include\\leftmenu.php')
 3 SYSTEMPATH\View\View.php(237): CodeIgniter\View\View->CodeIgniter\View\{closure}()
 4 SYSTEMPATH\Common.php(1171): CodeIgniter\View\View->render('include/leftmenu', [], true)
 5 APPPATH\Views\bilezikListele.php(102): view('include/leftmenu')
 6 SYSTEMPATH\View\View.php(234): include('C:\\xampp\\htdocs\\sarkod\\app\\Views\\bilezikListele.php')
 7 SYSTEMPATH\View\View.php(237): CodeIgniter\View\View->CodeIgniter\View\{closure}()
 8 SYSTEMPATH\Common.php(1171): CodeIgniter\View\View->render('bilezikListele', [], true)
 9 APPPATH\Controllers\BilezikListeleController.php(23): view('bilezikListele', [...])
10 SYSTEMPATH\CodeIgniter.php(933): App\Controllers\BilezikListeleController->index()
11 SYSTEMPATH\CodeIgniter.php(509): CodeIgniter\CodeIgniter->runController(Object(App\Controllers\BilezikListeleController))
12 SYSTEMPATH\CodeIgniter.php(355): CodeIgniter\CodeIgniter->handleRequest(null, Object(Config\Cache), false)
13 SYSTEMPATH\Boot.php(325): CodeIgniter\CodeIgniter->run()
14 SYSTEMPATH\Boot.php(67): CodeIgniter\Boot::runCodeIgniter(Object(CodeIgniter\CodeIgniter))
15 FCPATH\index.php(56): CodeIgniter\Boot::bootWeb(Object(Config\Paths))
CRITICAL - 2025-03-13 15:28:37 --> ErrorException: Undefined array key "yetki"
[Method: GET, Route: bilezikListele]
in APPPATH\Views\include\leftmenu.php on line 37.
 1 APPPATH\Views\include\leftmenu.php(37): CodeIgniter\Debug\Exceptions->errorHandler(2, 'Undefined array key "yetki"', 'C:\\xampp\\htdocs\\sarkod\\app\\Views\\include\\leftmenu.php', 37)
 2 SYSTEMPATH\View\View.php(234): include('C:\\xampp\\htdocs\\sarkod\\app\\Views\\include\\leftmenu.php')
 3 SYSTEMPATH\View\View.php(237): CodeIgniter\View\View->CodeIgniter\View\{closure}()
 4 SYSTEMPATH\Common.php(1171): CodeIgniter\View\View->render('include/leftmenu', [], true)
 5 APPPATH\Views\bilezikListele.php(102): view('include/leftmenu')
 6 SYSTEMPATH\View\View.php(234): include('C:\\xampp\\htdocs\\sarkod\\app\\Views\\bilezikListele.php')
 7 SYSTEMPATH\View\View.php(237): CodeIgniter\View\View->CodeIgniter\View\{closure}()
 8 SYSTEMPATH\Common.php(1171): CodeIgniter\View\View->render('bilezikListele', [], true)
 9 APPPATH\Controllers\BilezikListeleController.php(23): view('bilezikListele', [...])
10 SYSTEMPATH\CodeIgniter.php(933): App\Controllers\BilezikListeleController->index()
11 SYSTEMPATH\CodeIgniter.php(509): CodeIgniter\CodeIgniter->runController(Object(App\Controllers\BilezikListeleController))
12 SYSTEMPATH\CodeIgniter.php(355): CodeIgniter\CodeIgniter->handleRequest(null, Object(Config\Cache), false)
13 SYSTEMPATH\Boot.php(325): CodeIgniter\CodeIgniter->run()
14 SYSTEMPATH\Boot.php(67): CodeIgniter\Boot::runCodeIgniter(Object(CodeIgniter\CodeIgniter))
15 FCPATH\index.php(56): CodeIgniter\Boot::bootWeb(Object(Config\Paths))
CRITICAL - 2025-03-13 15:28:38 --> ErrorException: Undefined array key "yetki"
[Method: GET, Route: bilezikListele]
in APPPATH\Views\include\leftmenu.php on line 37.
 1 APPPATH\Views\include\leftmenu.php(37): CodeIgniter\Debug\Exceptions->errorHandler(2, 'Undefined array key "yetki"', 'C:\\xampp\\htdocs\\sarkod\\app\\Views\\include\\leftmenu.php', 37)
 2 SYSTEMPATH\View\View.php(234): include('C:\\xampp\\htdocs\\sarkod\\app\\Views\\include\\leftmenu.php')
 3 SYSTEMPATH\View\View.php(237): CodeIgniter\View\View->CodeIgniter\View\{closure}()
 4 SYSTEMPATH\Common.php(1171): CodeIgniter\View\View->render('include/leftmenu', [], true)
 5 APPPATH\Views\bilezikListele.php(102): view('include/leftmenu')
 6 SYSTEMPATH\View\View.php(234): include('C:\\xampp\\htdocs\\sarkod\\app\\Views\\bilezikListele.php')
 7 SYSTEMPATH\View\View.php(237): CodeIgniter\View\View->CodeIgniter\View\{closure}()
 8 SYSTEMPATH\Common.php(1171): CodeIgniter\View\View->render('bilezikListele', [], true)
 9 APPPATH\Controllers\BilezikListeleController.php(23): view('bilezikListele', [...])
10 SYSTEMPATH\CodeIgniter.php(933): App\Controllers\BilezikListeleController->index()
11 SYSTEMPATH\CodeIgniter.php(509): CodeIgniter\CodeIgniter->runController(Object(App\Controllers\BilezikListeleController))
12 SYSTEMPATH\CodeIgniter.php(355): CodeIgniter\CodeIgniter->handleRequest(null, Object(Config\Cache), false)
13 SYSTEMPATH\Boot.php(325): CodeIgniter\CodeIgniter->run()
14 SYSTEMPATH\Boot.php(67): CodeIgniter\Boot::runCodeIgniter(Object(CodeIgniter\CodeIgniter))
15 FCPATH\index.php(56): CodeIgniter\Boot::bootWeb(Object(Config\Paths))
