CRITICAL - 2025-03-12 11:18:13 --> Error: Call to undefined function ImageCreate()
[Method: GET, Route: admin/incele]
in APPPATH\Libraries\phpqrcode\qrimage.php on line 74.
 1 APPPATH\Libraries\phpqrcode\qrimage.php(32): QRimage::image([...], 10, 4, 16777215, 0)
 2 APPPATH\Libraries\phpqrcode\qrencode.php(513): QRimage::png([...], null, 10, 4, false, 16777215, 0)
 3 APPPATH\Libraries\phpqrcode\qrencode.php(286): QRencode->encodePNG('https://www.sarkod.com.tr/?siparis_id=39', null, false)
 4 APPPATH\Controllers\SiparisInceleController.php(42): QRcode::png('https://www.sarkod.com.tr/?siparis_id=39', null, 0, 10)
 5 SYSTEMPATH\CodeIgniter.php(933): App\Controllers\SiparisInceleController->index()
 6 SYSTEMPATH\CodeIgniter.php(509): CodeIgniter\CodeIgniter->runController(Object(App\Controllers\SiparisInceleController))
 7 SYSTEMPATH\CodeIgniter.php(355): CodeIgniter\CodeIgniter->handleRequest(null, Object(Config\Cache), false)
 8 SYSTEMPATH\Boot.php(325): CodeIgniter\CodeIgniter->run()
 9 SYSTEMPATH\Boot.php(67): CodeIgniter\Boot::runCodeIgniter(Object(CodeIgniter\CodeIgniter))
10 FCPATH\index.php(56): CodeIgniter\Boot::bootWeb(Object(Config\Paths))
CRITICAL - 2025-03-12 11:18:19 --> Error: Call to undefined function ImageCreate()
[Method: GET, Route: admin/incele]
in APPPATH\Libraries\phpqrcode\qrimage.php on line 74.
 1 APPPATH\Libraries\phpqrcode\qrimage.php(32): QRimage::image([...], 10, 4, 16777215, 0)
 2 APPPATH\Libraries\phpqrcode\qrencode.php(513): QRimage::png([...], null, 10, 4, false, 16777215, 0)
 3 APPPATH\Libraries\phpqrcode\qrencode.php(286): QRencode->encodePNG('https://www.sarkod.com.tr/?siparis_id=112', null, false)
 4 APPPATH\Controllers\SiparisInceleController.php(42): QRcode::png('https://www.sarkod.com.tr/?siparis_id=112', null, 0, 10)
 5 SYSTEMPATH\CodeIgniter.php(933): App\Controllers\SiparisInceleController->index()
 6 SYSTEMPATH\CodeIgniter.php(509): CodeIgniter\CodeIgniter->runController(Object(App\Controllers\SiparisInceleController))
 7 SYSTEMPATH\CodeIgniter.php(355): CodeIgniter\CodeIgniter->handleRequest(null, Object(Config\Cache), false)
 8 SYSTEMPATH\Boot.php(325): CodeIgniter\CodeIgniter->run()
 9 SYSTEMPATH\Boot.php(67): CodeIgniter\Boot::runCodeIgniter(Object(CodeIgniter\CodeIgniter))
10 FCPATH\index.php(56): CodeIgniter\Boot::bootWeb(Object(Config\Paths))
CRITICAL - 2025-03-12 11:18:23 --> TypeError: App\Controllers\SiparisInceleController::index(): Return value must be of type string, CodeIgniter\HTTP\RedirectResponse returned
[Method: GET, Route: admin/incele]
in APPPATH\Controllers\SiparisInceleController.php on line 56.
 1 SYSTEMPATH\CodeIgniter.php(933): App\Controllers\SiparisInceleController->index()
 2 SYSTEMPATH\CodeIgniter.php(509): CodeIgniter\CodeIgniter->runController(Object(App\Controllers\SiparisInceleController))
 3 SYSTEMPATH\CodeIgniter.php(355): CodeIgniter\CodeIgniter->handleRequest(null, Object(Config\Cache), false)
 4 SYSTEMPATH\Boot.php(325): CodeIgniter\CodeIgniter->run()
 5 SYSTEMPATH\Boot.php(67): CodeIgniter\Boot::runCodeIgniter(Object(CodeIgniter\CodeIgniter))
 6 FCPATH\index.php(56): CodeIgniter\Boot::bootWeb(Object(Config\Paths))
CRITICAL - 2025-03-12 11:18:26 --> TypeError: App\Controllers\SiparisInceleController::index(): Return value must be of type string, CodeIgniter\HTTP\RedirectResponse returned
[Method: GET, Route: admin/incele]
in APPPATH\Controllers\SiparisInceleController.php on line 56.
 1 SYSTEMPATH\CodeIgniter.php(933): App\Controllers\SiparisInceleController->index()
 2 SYSTEMPATH\CodeIgniter.php(509): CodeIgniter\CodeIgniter->runController(Object(App\Controllers\SiparisInceleController))
 3 SYSTEMPATH\CodeIgniter.php(355): CodeIgniter\CodeIgniter->handleRequest(null, Object(Config\Cache), false)
 4 SYSTEMPATH\Boot.php(325): CodeIgniter\CodeIgniter->run()
 5 SYSTEMPATH\Boot.php(67): CodeIgniter\Boot::runCodeIgniter(Object(CodeIgniter\CodeIgniter))
 6 FCPATH\index.php(56): CodeIgniter\Boot::bootWeb(Object(Config\Paths))
CRITICAL - 2025-03-12 11:18:32 --> TypeError: App\Controllers\SiparisInceleController::index(): Return value must be of type string, CodeIgniter\HTTP\RedirectResponse returned
[Method: GET, Route: admin/incele]
in APPPATH\Controllers\SiparisInceleController.php on line 56.
 1 SYSTEMPATH\CodeIgniter.php(933): App\Controllers\SiparisInceleController->index()
 2 SYSTEMPATH\CodeIgniter.php(509): CodeIgniter\CodeIgniter->runController(Object(App\Controllers\SiparisInceleController))
 3 SYSTEMPATH\CodeIgniter.php(355): CodeIgniter\CodeIgniter->handleRequest(null, Object(Config\Cache), false)
 4 SYSTEMPATH\Boot.php(325): CodeIgniter\CodeIgniter->run()
 5 SYSTEMPATH\Boot.php(67): CodeIgniter\Boot::runCodeIgniter(Object(CodeIgniter\CodeIgniter))
 6 FCPATH\index.php(56): CodeIgniter\Boot::bootWeb(Object(Config\Paths))
CRITICAL - 2025-03-12 11:18:43 --> Error: Call to undefined function ImageCreate()
[Method: GET, Route: admin/incele]
in APPPATH\Libraries\phpqrcode\qrimage.php on line 74.
 1 APPPATH\Libraries\phpqrcode\qrimage.php(32): QRimage::image([...], 10, 4, 16777215, 0)
 2 APPPATH\Libraries\phpqrcode\qrencode.php(513): QRimage::png([...], null, 10, 4, false, 16777215, 0)
 3 APPPATH\Libraries\phpqrcode\qrencode.php(286): QRencode->encodePNG('https://www.sarkod.com.tr/?siparis_id=125', null, false)
 4 APPPATH\Controllers\SiparisInceleController.php(42): QRcode::png('https://www.sarkod.com.tr/?siparis_id=125', null, 0, 10)
 5 SYSTEMPATH\CodeIgniter.php(933): App\Controllers\SiparisInceleController->index()
 6 SYSTEMPATH\CodeIgniter.php(509): CodeIgniter\CodeIgniter->runController(Object(App\Controllers\SiparisInceleController))
 7 SYSTEMPATH\CodeIgniter.php(355): CodeIgniter\CodeIgniter->handleRequest(null, Object(Config\Cache), false)
 8 SYSTEMPATH\Boot.php(325): CodeIgniter\CodeIgniter->run()
 9 SYSTEMPATH\Boot.php(67): CodeIgniter\Boot::runCodeIgniter(Object(CodeIgniter\CodeIgniter))
10 FCPATH\index.php(56): CodeIgniter\Boot::bootWeb(Object(Config\Paths))
